<?xml version="1.0" encoding="UTF-8"?>
<robot generator="Robot 6.1.1 (Python 3.7.4 on win32)" generated="20240402 15:00:42.525" rpa="false" schemaversion="4">
<suite id="s1" name="Test" source="c:\Users\Entronica\Desktop\myais2.0-develop\TestScript\Domain_myNetwork\test.robot">
<kw name="Set Library Search Order" library="BuiltIn" type="SETUP">
<arg>AppiumFlutterLibrary</arg>
<doc>Sets the resolution order to use when a name matches multiple keywords.</doc>
<status status="PASS" starttime="20240402 15:00:42.991" endtime="20240402 15:00:42.992"/>
</kw>
<test id="s1-t1" name="Test term&amp;condition Mynetwork" line="112">
<kw name="mOpenApplication" library="mCommonKeyword">
<arg>${AppPackagemyAIS}</arg>
<arg>${AppActivitymyAIS}</arg>
<arg>Native</arg>
<arg>false</arg>
<arg>false</arg>
<doc>*Description*</doc>
<kw name="Set Variable If" library="BuiltIn">
<var>${Library}</var>
<arg>"${AppPlatform}" == "Native"</arg>
<arg>AppiumLibrary</arg>
<arg>AppiumFlutterLibrary</arg>
<doc>Sets variable based on the given condition.</doc>
<msg timestamp="20240402 15:00:43.007" level="INFO">${Library} = AppiumLibrary</msg>
<status status="PASS" starttime="20240402 15:00:43.007" endtime="20240402 15:00:43.010"/>
</kw>
<kw name="Set Variable If" library="BuiltIn">
<var>${AutomationName}</var>
<arg>"${AppPlatform}" == "Native"</arg>
<arg>UiAutomator2</arg>
<arg>flutter</arg>
<doc>Sets variable based on the given condition.</doc>
<msg timestamp="20240402 15:00:43.010" level="INFO">${AutomationName} = UiAutomator2</msg>
<status status="PASS" starttime="20240402 15:00:43.010" endtime="20240402 15:00:43.011"/>
</kw>
<kw name="Run Process" library="Process">
<var>${SerialNumber}</var>
<arg>adb</arg>
<arg>shell</arg>
<arg>getprop</arg>
<arg>ro.serialno</arg>
<doc>Runs a process and waits for it to complete.</doc>
<msg timestamp="20240402 15:00:43.013" level="INFO">Starting process:
adb shell getprop ro.serialno</msg>
<msg timestamp="20240402 15:00:43.018" level="INFO">Waiting for process to complete.</msg>
<msg timestamp="20240402 15:00:43.100" level="INFO">Process completed.</msg>
<msg timestamp="20240402 15:00:43.100" level="INFO">${SerialNumber} = &lt;result object with rc 0&gt;</msg>
<status status="PASS" starttime="20240402 15:00:43.012" endtime="20240402 15:00:43.100"/>
</kw>
<kw name="Run Process" library="Process">
<var>${PlatformVersion}</var>
<arg>adb</arg>
<arg>shell</arg>
<arg>getprop</arg>
<arg>ro.build.version.release</arg>
<doc>Runs a process and waits for it to complete.</doc>
<msg timestamp="20240402 15:00:43.101" level="INFO">Starting process:
adb shell getprop ro.build.version.release</msg>
<msg timestamp="20240402 15:00:43.106" level="INFO">Waiting for process to complete.</msg>
<msg timestamp="20240402 15:00:43.180" level="INFO">Process completed.</msg>
<msg timestamp="20240402 15:00:43.180" level="INFO">${PlatformVersion} = &lt;result object with rc 0&gt;</msg>
<status status="PASS" starttime="20240402 15:00:43.100" endtime="20240402 15:00:43.181"/>
</kw>
<kw name="Run Keyword If" library="BuiltIn">
<var>${RemoteURL}</var>
<arg>"${DEVICE}"=="BrowserStack"</arg>
<arg>Set Variable</arg>
<arg>http://hub.browserstack.com/wd/hub</arg>
<arg>ELSE</arg>
<arg>Set Variable</arg>
<arg>http://127.0.0.1:4723/wd/hub</arg>
<doc>Runs the given keyword with the given arguments, if ``condition`` is true.</doc>
<kw name="Set Variable" library="BuiltIn">
<arg>http://127.0.0.1:4723/wd/hub</arg>
<doc>Returns the given values which can then be assigned to a variables.</doc>
<status status="PASS" starttime="20240402 15:00:43.182" endtime="20240402 15:00:43.183"/>
</kw>
<msg timestamp="20240402 15:00:43.183" level="INFO">${RemoteURL} = http://127.0.0.1:4723/wd/hub</msg>
<status status="PASS" starttime="20240402 15:00:43.182" endtime="20240402 15:00:43.183"/>
</kw>
<kw name="Run Keyword If" library="BuiltIn">
<arg>"${DEVICE}"=="Real"</arg>
<arg>${Library}.Open Application</arg>
<arg>${RemoteURL}</arg>
<arg>platformName=${OS}</arg>
<arg>platformVersion=${PlatformVersion.stdout}</arg>
<arg>deviceName=${SerialNumber.stdout}</arg>
<arg>appPackage=${AppPackage}</arg>
<arg>appActivity=${AppActivity}</arg>
<arg>unicodeKeyboard=true</arg>
<arg>noReset=${noReset}</arg>
<arg>shouldTerminateApp=${ShouldTerminateApp}</arg>
<arg>automationName=${AutomationName}</arg>
<arg>ignoreHiddenApiPolicyError=true</arg>
<doc>Runs the given keyword with the given arguments, if ``condition`` is true.</doc>
<kw name="Open Application" library="AppiumLibrary">
<arg>${RemoteURL}</arg>
<arg>platformName=${OS}</arg>
<arg>platformVersion=${PlatformVersion.stdout}</arg>
<arg>deviceName=${SerialNumber.stdout}</arg>
<arg>appPackage=${AppPackage}</arg>
<arg>appActivity=${AppActivity}</arg>
<arg>unicodeKeyboard=true</arg>
<arg>noReset=${noReset}</arg>
<arg>shouldTerminateApp=${ShouldTerminateApp}</arg>
<arg>automationName=${AutomationName}</arg>
<arg>ignoreHiddenApiPolicyError=true</arg>
<doc>Opens a new application to given Appium server.
Capabilities of appium server, Android and iOS,
Please check https://github.com/appium/appium/blob/master/docs/en/writing-running-appium/server-args.md
| *Option*            | *Man.* | *Description*     |
| remote_url          | Yes    | Appium server url |
| alias               | no     | alias             |
| strict_ssl          | No     | allows you to send commands to an invalid certificate host like a self-signed one. |</doc>
<status status="PASS" starttime="20240402 15:00:43.194" endtime="20240402 15:00:55.453"/>
</kw>
<status status="PASS" starttime="20240402 15:00:43.185" endtime="20240402 15:00:55.453"/>
</kw>
<kw name="Run Keyword If" library="BuiltIn">
<arg>"${DEVICE}"=="Visual"</arg>
<arg>${Library}.Open Application</arg>
<arg>${RemoteURL}</arg>
<arg>platformName=${OS}</arg>
<arg>deviceName=${SerialNumber.stdout}</arg>
<arg>newCommandTimeout=5000</arg>
<arg>appPackage=${AppPackage}</arg>
<arg>appActivity=${AppActivity}</arg>
<arg>unicodeKeyboard=true</arg>
<arg>noReset=${noReset}</arg>
<arg>shouldTerminateApp=${ShouldTerminateApp}</arg>
<arg>automationName=${AutomationName}</arg>
<arg>ignoreHiddenApiPolicyError=true</arg>
<arg>autoGrantPermissions=true</arg>
<arg>app=${APPPATH}</arg>
<doc>Runs the given keyword with the given arguments, if ``condition`` is true.</doc>
<status status="PASS" starttime="20240402 15:00:55.453" endtime="20240402 15:00:55.454"/>
</kw>
<kw name="Split String From Right" library="String">
<var>${SUITE}</var>
<arg>${SUITE NAME}</arg>
<arg>.</arg>
<arg>1</arg>
<doc>Splits the ``string`` using ``separator`` starting from right.</doc>
<msg timestamp="20240402 15:00:55.454" level="INFO">${SUITE} = ['Test']</msg>
<status status="PASS" starttime="20240402 15:00:55.454" endtime="20240402 15:00:55.455"/>
</kw>
<kw name="Get Current Date" library="DateTime">
<var>${CurrentDate}</var>
<arg>result_format=%d-%m-%Y</arg>
<doc>Returns current local or UTC time with an optional increment.</doc>
<msg timestamp="20240402 15:00:55.455" level="INFO">${CurrentDate} = 02-04-2024</msg>
<status status="PASS" starttime="20240402 15:00:55.455" endtime="20240402 15:00:55.455"/>
</kw>
<kw name="Run Keyword If" library="BuiltIn">
<var>${CapabilitiesBrowserStack}</var>
<arg>"${DEVICE}"=="BrowserStack"</arg>
<arg>Create Dictionary</arg>
<arg>buildName=${SUITE NAME} ${CurrentDate}</arg>
<arg>sessionName=${TEST NAME}</arg>
<arg>userName=juralakp_p2Vx0U</arg>
<arg>accessKey=PPed2Tj3ZNZqaGw6kLyw</arg>
<arg>interactiveDebugging=True</arg>
<arg>appiumVersion=2.0.1</arg>
<arg>timezone=Bangkok</arg>
<doc>Runs the given keyword with the given arguments, if ``condition`` is true.</doc>
<msg timestamp="20240402 15:00:55.456" level="INFO">${CapabilitiesBrowserStack} = None</msg>
<status status="PASS" starttime="20240402 15:00:55.455" endtime="20240402 15:00:55.456"/>
</kw>
<kw name="Run Keyword If" library="BuiltIn">
<arg>"${DEVICE}"=="BrowserStack"</arg>
<arg>${Library}.Open Application</arg>
<arg>${RemoteURL}</arg>
<arg>platformName=android</arg>
<arg>platformVersion=13.0</arg>
<arg>deviceName=Samsung Galaxy S23</arg>
<arg>noReset=${noReset}</arg>
<arg>unicodeKeyboard=true</arg>
<arg>newCommandTimeout=5000</arg>
<arg>autoAcceptAlerts=true</arg>
<arg>app=bs://b5dd4956cf3805c278c9c71a661820366834f6dc</arg>
<arg>bstack:options=${CapabilitiesBrowserStack}</arg>
<arg>automationName=${AutomationName}</arg>
<arg>autoGrantPermissions=true</arg>
<arg>appPackage=${AppPackage}</arg>
<arg>appActivity=${AppActivity}</arg>
<doc>Runs the given keyword with the given arguments, if ``condition`` is true.</doc>
<status status="PASS" starttime="20240402 15:00:55.456" endtime="20240402 15:00:55.457"/>
</kw>
<status status="PASS" starttime="20240402 15:00:43.006" endtime="20240402 15:00:55.457"/>
</kw>
<kw name="Wait Until Element Is Visible" library="AppiumLibrary">
<arg>xpath=//android.view.View[@content-desc="continue"]</arg>
<arg>59</arg>
<doc>Waits until element specified with `locator` is visible.</doc>
<msg timestamp="20240402 15:01:36.485" level="INFO">xpath criteria: //android.view.View[@content-desc="continue"]
xpath criteria: //android.view.View[@content-desc="continue"]
xpath criteria: //android.view.View[@content-desc="continue"]
xpath criteria: //android.view.View[@content-desc="continue"]
xpath criteria: //android.view.View[@content-desc="continue"]
xpath criteria: //android.view.View[@content-desc="continue"]
xpath criteria: //android.view.View[@content-desc="continue"]
xpath criteria: //android.view.View[@content-desc="continue"]
xpath criteria: //android.view.View[@content-desc="continue"]
xpath criteria: //android.view.View[@content-desc="continue"]
xpath criteria: //android.view.View[@content-desc="continue"]
xpath criteria: //android.view.View[@content-desc="continue"]
xpath criteria: //android.view.View[@content-desc="continue"]
xpath criteria: //android.view.View[@content-desc="continue"]
xpath criteria: //android.view.View[@content-desc="continue"]
xpath criteria: //android.view.View[@content-desc="continue"]
xpath criteria: //android.view.View[@content-desc="continue"]
xpath criteria: //android.view.View[@content-desc="continue"]
xpath criteria: //android.view.View[@content-desc="continue"]
xpath criteria: //android.view.View[@content-desc="continue"]
xpath criteria: //android.view.View[@content-desc="continue"]
xpath criteria: //android.view.View[@content-desc="continue"]
xpath criteria: //android.view.View[@content-desc="continue"]
xpath criteria: //android.view.View[@content-desc="continue"]
xpath criteria: //android.view.View[@content-desc="continue"]
xpath criteria: //android.view.View[@content-desc="continue"]
xpath criteria: //android.view.View[@content-desc="continue"]
xpath criteria: //android.view.View[@content-desc="continue"]
xpath criteria: //android.view.View[@content-desc="continue"]
xpath criteria: //android.view.View[@content-desc="continue"]
xpath criteria: //android.view.View[@content-desc="continue"]
xpath criteria: //android.view.View[@content-desc="continue"]
xpath criteria: //android.view.View[@content-desc="continue"]
xpath criteria: //android.view.View[@content-desc="continue"]
xpath criteria: //android.view.View[@content-desc="continue"]
xpath criteria: //android.view.View[@content-desc="continue"]
xpath criteria: //android.view.View[@content-desc="continue"]
xpath criteria: //android.view.View[@content-desc="continue"]
xpath criteria: //android.view.View[@content-desc="continue"]
xpath criteria: //android.view.View[@content-desc="continue"]
xpath criteria: //android.view.View[@content-desc="continue"]
xpath criteria: //android.view.View[@content-desc="continue"]
xpath criteria: //android.view.View[@content-desc="continue"]
xpath criteria: //android.view.View[@content-desc="continue"]
xpath criteria: //android.view.View[@content-desc="continue"]
xpath criteria: //android.view.View[@content-desc="continue"]
xpath criteria: //android.view.View[@content-desc="continue"]
xpath criteria: //android.view.View[@content-desc="continue"]
xpath criteria: //android.view.View[@content-desc="continue"]
xpath criteria: //android.view.View[@content-desc="continue"]
xpath criteria: //android.view.View[@content-desc="continue"]
xpath criteria: //android.view.View[@content-desc="continue"]
xpath criteria: //android.view.View[@content-desc="continue"]
xpath criteria: //android.view.View[@content-desc="continue"]
xpath criteria: //android.view.View[@content-desc="continue"]
xpath criteria: //android.view.View[@content-desc="continue"]
xpath criteria: //android.view.View[@content-desc="continue"]
xpath criteria: //android.view.View[@content-desc="continue"]
xpath criteria: //android.view.View[@content-desc="continue"]
xpath criteria: //android.view.View[@content-desc="continue"]
xpath criteria: //android.view.View[@content-desc="continue"]
xpath criteria: //android.view.View[@content-desc="continue"]
xpath criteria: //android.view.View[@content-desc="continue"]
xpath criteria: //android.view.View[@content-desc="continue"]
xpath criteria: //android.view.View[@content-desc="continue"]
xpath criteria: //android.view.View[@content-desc="continue"]
xpath criteria: //android.view.View[@content-desc="continue"]
xpath criteria: //android.view.View[@content-desc="continue"]
xpath criteria: //android.view.View[@content-desc="continue"]
xpath criteria: //android.view.View[@content-desc="continue"]
xpath criteria: //android.view.View[@content-desc="continue"]
xpath criteria: //android.view.View[@content-desc="continue"]
xpath criteria: //android.view.View[@content-desc="continue"]
xpath criteria: //android.view.View[@content-desc="continue"]
xpath criteria: //android.view.View[@content-desc="continue"]
xpath criteria: //android.view.View[@content-desc="continue"]
xpath criteria: //android.view.View[@content-desc="continue"]
xpath criteria: //android.view.View[@content-desc="continue"]
xpath criteria: //android.view.View[@content-desc="continue"]
xpath criteria: //android.view.View[@content-desc="continue"]
xpath criteria: //android.view.View[@content-desc="continue"]
xpath criteria: //android.view.View[@content-desc="continue"]
xpath criteria: //android.view.View[@content-desc="continue"]
xpath criteria: //android.view.View[@content-desc="continue"]
xpath criteria: //android.view.View[@content-desc="continue"]
xpath criteria: //android.view.View[@content-desc="continue"]
xpath criteria: //android.view.View[@content-desc="continue"]
xpath criteria: //android.view.View[@content-desc="continue"]
xpath criteria: //android.view.View[@content-desc="continue"]
xpath criteria: //android.view.View[@content-desc="continue"]
xpath criteria: //android.view.View[@content-desc="continue"]
xpath criteria: //android.view.View[@content-desc="continue"]
xpath criteria: //android.view.View[@content-desc="continue"]
xpath criteria: //android.view.View[@content-desc="continue"]
xpath criteria: //android.view.View[@content-desc="continue"]
xpath criteria: //android.view.View[@content-desc="continue"]</msg>
<status status="PASS" starttime="20240402 15:00:55.457" endtime="20240402 15:01:36.485"/>
</kw>
<kw name="mClickWebElement" library="Redefine_Keyword">
<arg>xpath=//android.view.View[@content-desc="continue"]</arg>
<doc>*Description*</doc>
<kw name="Log" library="BuiltIn">
<arg>${Locator}</arg>
<doc>Logs the given message with the given level.</doc>
<msg timestamp="20240402 15:01:36.488" level="INFO">xpath=//android.view.View[@content-desc="continue"]</msg>
<status status="PASS" starttime="20240402 15:01:36.488" endtime="20240402 15:01:36.488"/>
</kw>
<kw name="Comment" library="BuiltIn">
<arg>Sleep</arg>
<arg>2s</arg>
<doc>Displays the given messages in the log file as keyword arguments.</doc>
<status status="PASS" starttime="20240402 15:01:36.489" endtime="20240402 15:01:36.489"/>
</kw>
<kw name="Run Keyword And Return Status" library="BuiltIn">
<var>${Result}</var>
<arg>AppiumLibrary.Wait Until Element Is Visible</arg>
<arg>${Locator}</arg>
<arg>${Timeout}</arg>
<doc>Runs the given keyword with given arguments and returns the status as a Boolean value.</doc>
<kw name="Wait Until Element Is Visible" library="AppiumLibrary">
<arg>${Locator}</arg>
<arg>${Timeout}</arg>
<doc>Waits until element specified with `locator` is visible.</doc>
<msg timestamp="20240402 15:01:36.581" level="INFO">xpath criteria: //android.view.View[@content-desc="continue"]</msg>
<status status="PASS" starttime="20240402 15:01:36.490" endtime="20240402 15:01:36.581"/>
</kw>
<msg timestamp="20240402 15:01:36.582" level="INFO">${Result} = True</msg>
<status status="PASS" starttime="20240402 15:01:36.489" endtime="20240402 15:01:36.582"/>
</kw>
<kw name="Run Keyword And Return Status" library="BuiltIn">
<var>${Result}</var>
<arg>BuiltIn.Run Keyword If</arg>
<arg>'${result}'=='False'</arg>
<arg>AppiumLibrary.Wait Until Page Contains Element</arg>
<arg>${Locator}</arg>
<arg>${Timeout}</arg>
<doc>Runs the given keyword with given arguments and returns the status as a Boolean value.</doc>
<kw name="Run Keyword If" library="BuiltIn">
<arg>'${result}'=='False'</arg>
<arg>AppiumLibrary.Wait Until Page Contains Element</arg>
<arg>${Locator}</arg>
<arg>${Timeout}</arg>
<doc>Runs the given keyword with the given arguments, if ``condition`` is true.</doc>
<status status="PASS" starttime="20240402 15:01:36.583" endtime="20240402 15:01:36.584"/>
</kw>
<msg timestamp="20240402 15:01:36.584" level="INFO">${Result} = True</msg>
<status status="PASS" starttime="20240402 15:01:36.582" endtime="20240402 15:01:36.584"/>
</kw>
<kw name="Run Keyword If" library="BuiltIn">
<arg>'${Result}'=='True'</arg>
<arg>AppiumLibrary.Click Element</arg>
<arg>${Locator}</arg>
<doc>Runs the given keyword with the given arguments, if ``condition`` is true.</doc>
<kw name="Click Element" library="AppiumLibrary">
<arg>${Locator}</arg>
<doc>Click element identified by `locator`.</doc>
<msg timestamp="20240402 15:01:36.595" level="INFO">Clicking element 'xpath=//android.view.View[@content-desc="continue"]'.</msg>
<msg timestamp="20240402 15:01:36.748" level="INFO">xpath criteria: //android.view.View[@content-desc="continue"]</msg>
<status status="PASS" starttime="20240402 15:01:36.586" endtime="20240402 15:01:36.749"/>
</kw>
<status status="PASS" starttime="20240402 15:01:36.585" endtime="20240402 15:01:36.749"/>
</kw>
<kw name="Comment" library="BuiltIn">
<arg>Wait Until Keyword Succeeds</arg>
<arg>5x</arg>
<arg>1s</arg>
<arg>AppiumLibrary.Click Element</arg>
<arg>${Locator}</arg>
<doc>Displays the given messages in the log file as keyword arguments.</doc>
<status status="PASS" starttime="20240402 15:01:36.749" endtime="20240402 15:01:36.750"/>
</kw>
<kw name="Run Keyword And Return Status" library="BuiltIn">
<var>${ResultAppCrash}</var>
<arg>BuiltIn.Run Keyword If</arg>
<arg>'${Result}'=='False'</arg>
<arg>AppiumLibrary.Wait Until Element Is Visible</arg>
<arg>${AppMyAISOnScreen}</arg>
<arg>1s</arg>
<doc>Runs the given keyword with given arguments and returns the status as a Boolean value.</doc>
<kw name="Run Keyword If" library="BuiltIn">
<arg>'${Result}'=='False'</arg>
<arg>AppiumLibrary.Wait Until Element Is Visible</arg>
<arg>${AppMyAISOnScreen}</arg>
<arg>1s</arg>
<doc>Runs the given keyword with the given arguments, if ``condition`` is true.</doc>
<status status="PASS" starttime="20240402 15:01:36.750" endtime="20240402 15:01:36.750"/>
</kw>
<msg timestamp="20240402 15:01:36.750" level="INFO">${ResultAppCrash} = True</msg>
<status status="PASS" starttime="20240402 15:01:36.750" endtime="20240402 15:01:36.750"/>
</kw>
<kw name="Run Keyword If" library="BuiltIn">
<arg>'${Result}'=='False' and '${ResultAppCrash}'=='True'</arg>
<arg>Fail</arg>
<arg>&lt;font style="color:#FFCC00" size="3"&gt;&amp;#9679&lt;/font&gt;Application Keep Crashing</arg>
<doc>Runs the given keyword with the given arguments, if ``condition`` is true.</doc>
<status status="PASS" starttime="20240402 15:01:36.750" endtime="20240402 15:01:36.751"/>
</kw>
<kw name="Run Keyword If" library="BuiltIn">
<arg>'${Result}'=='False' and '${ResultAppCrash}'=='False'</arg>
<arg>Fail</arg>
<arg>&lt;font style="color:red" size="3"&gt;&amp;#9679&lt;/font&gt;Element did not appear in 20s</arg>
<doc>Runs the given keyword with the given arguments, if ``condition`` is true.</doc>
<status status="PASS" starttime="20240402 15:01:36.751" endtime="20240402 15:01:36.751"/>
</kw>
<kw name="mCaptureAppium" library="mCommonKeyword" type="TEARDOWN">
<kw name="Get Current Date" library="DateTime">
<var>${CurrentDate}</var>
<arg>result_format=%d%m%Y</arg>
<doc>Returns current local or UTC time with an optional increment.</doc>
<msg timestamp="20240402 15:01:36.752" level="INFO">${CurrentDate} = 02042024</msg>
<status status="PASS" starttime="20240402 15:01:36.752" endtime="20240402 15:01:36.752"/>
</kw>
<kw name="Get Current Date" library="DateTime">
<var>${current_time}</var>
<arg>result_format=%H-%M-%S</arg>
<doc>Returns current local or UTC time with an optional increment.</doc>
<msg timestamp="20240402 15:01:36.753" level="INFO">${current_time} = 15-01-36</msg>
<status status="PASS" starttime="20240402 15:01:36.752" endtime="20240402 15:01:36.753"/>
</kw>
<kw name="Log" library="BuiltIn">
<arg>${current_time}</arg>
<doc>Logs the given message with the given level.</doc>
<msg timestamp="20240402 15:01:36.753" level="INFO">15-01-36</msg>
<status status="PASS" starttime="20240402 15:01:36.753" endtime="20240402 15:01:36.753"/>
</kw>
<kw name="Capture Page Screenshot" library="AppiumLibrary">
<arg>appium-screenshot-${CurrentDate}_${current_time}.png</arg>
<doc>Takes a screenshot of the current page and embeds it into the log.</doc>
<msg timestamp="20240402 15:01:37.293" level="INFO" html="true">&lt;/td&gt;&lt;/tr&gt;&lt;tr&gt;&lt;td colspan="3"&gt;&lt;a href="appium-screenshot-02042024_15-01-36.png"&gt;&lt;img src="appium-screenshot-02042024_15-01-36.png" width="800px"&gt;&lt;/a&gt;</msg>
<status status="PASS" starttime="20240402 15:01:36.753" endtime="20240402 15:01:37.293"/>
</kw>
<status status="PASS" starttime="20240402 15:01:36.751" endtime="20240402 15:01:37.294"/>
</kw>
<status status="PASS" starttime="20240402 15:01:36.487" endtime="20240402 15:01:37.295"/>
</kw>
<kw name="mClickWebElement" library="Redefine_Keyword">
<arg>xpath=//android.widget.Button[@content-desc="Skip"]</arg>
<doc>*Description*</doc>
<kw name="Log" library="BuiltIn">
<arg>${Locator}</arg>
<doc>Logs the given message with the given level.</doc>
<msg timestamp="20240402 15:01:37.297" level="INFO">xpath=//android.widget.Button[@content-desc="Skip"]</msg>
<status status="PASS" starttime="20240402 15:01:37.296" endtime="20240402 15:01:37.297"/>
</kw>
<kw name="Comment" library="BuiltIn">
<arg>Sleep</arg>
<arg>2s</arg>
<doc>Displays the given messages in the log file as keyword arguments.</doc>
<status status="PASS" starttime="20240402 15:01:37.297" endtime="20240402 15:01:37.298"/>
</kw>
<kw name="Run Keyword And Return Status" library="BuiltIn">
<var>${Result}</var>
<arg>AppiumLibrary.Wait Until Element Is Visible</arg>
<arg>${Locator}</arg>
<arg>${Timeout}</arg>
<doc>Runs the given keyword with given arguments and returns the status as a Boolean value.</doc>
<kw name="Wait Until Element Is Visible" library="AppiumLibrary">
<arg>${Locator}</arg>
<arg>${Timeout}</arg>
<doc>Waits until element specified with `locator` is visible.</doc>
<msg timestamp="20240402 15:01:37.630" level="INFO">xpath criteria: //android.widget.Button[@content-desc="Skip"]</msg>
<status status="PASS" starttime="20240402 15:01:37.298" endtime="20240402 15:01:37.630"/>
</kw>
<msg timestamp="20240402 15:01:37.631" level="INFO">${Result} = True</msg>
<status status="PASS" starttime="20240402 15:01:37.298" endtime="20240402 15:01:37.631"/>
</kw>
<kw name="Run Keyword And Return Status" library="BuiltIn">
<var>${Result}</var>
<arg>BuiltIn.Run Keyword If</arg>
<arg>'${result}'=='False'</arg>
<arg>AppiumLibrary.Wait Until Page Contains Element</arg>
<arg>${Locator}</arg>
<arg>${Timeout}</arg>
<doc>Runs the given keyword with given arguments and returns the status as a Boolean value.</doc>
<kw name="Run Keyword If" library="BuiltIn">
<arg>'${result}'=='False'</arg>
<arg>AppiumLibrary.Wait Until Page Contains Element</arg>
<arg>${Locator}</arg>
<arg>${Timeout}</arg>
<doc>Runs the given keyword with the given arguments, if ``condition`` is true.</doc>
<status status="PASS" starttime="20240402 15:01:37.633" endtime="20240402 15:01:37.634"/>
</kw>
<msg timestamp="20240402 15:01:37.634" level="INFO">${Result} = True</msg>
<status status="PASS" starttime="20240402 15:01:37.632" endtime="20240402 15:01:37.634"/>
</kw>
<kw name="Run Keyword If" library="BuiltIn">
<arg>'${Result}'=='True'</arg>
<arg>AppiumLibrary.Click Element</arg>
<arg>${Locator}</arg>
<doc>Runs the given keyword with the given arguments, if ``condition`` is true.</doc>
<kw name="Click Element" library="AppiumLibrary">
<arg>${Locator}</arg>
<doc>Click element identified by `locator`.</doc>
<msg timestamp="20240402 15:01:37.644" level="INFO">Clicking element 'xpath=//android.widget.Button[@content-desc="Skip"]'.</msg>
<msg timestamp="20240402 15:01:38.418" level="INFO">xpath criteria: //android.widget.Button[@content-desc="Skip"]</msg>
<status status="PASS" starttime="20240402 15:01:37.635" endtime="20240402 15:01:38.418"/>
</kw>
<status status="PASS" starttime="20240402 15:01:37.635" endtime="20240402 15:01:38.418"/>
</kw>
<kw name="Comment" library="BuiltIn">
<arg>Wait Until Keyword Succeeds</arg>
<arg>5x</arg>
<arg>1s</arg>
<arg>AppiumLibrary.Click Element</arg>
<arg>${Locator}</arg>
<doc>Displays the given messages in the log file as keyword arguments.</doc>
<status status="PASS" starttime="20240402 15:01:38.419" endtime="20240402 15:01:38.419"/>
</kw>
<kw name="Run Keyword And Return Status" library="BuiltIn">
<var>${ResultAppCrash}</var>
<arg>BuiltIn.Run Keyword If</arg>
<arg>'${Result}'=='False'</arg>
<arg>AppiumLibrary.Wait Until Element Is Visible</arg>
<arg>${AppMyAISOnScreen}</arg>
<arg>1s</arg>
<doc>Runs the given keyword with given arguments and returns the status as a Boolean value.</doc>
<kw name="Run Keyword If" library="BuiltIn">
<arg>'${Result}'=='False'</arg>
<arg>AppiumLibrary.Wait Until Element Is Visible</arg>
<arg>${AppMyAISOnScreen}</arg>
<arg>1s</arg>
<doc>Runs the given keyword with the given arguments, if ``condition`` is true.</doc>
<status status="PASS" starttime="20240402 15:01:38.420" endtime="20240402 15:01:38.420"/>
</kw>
<msg timestamp="20240402 15:01:38.420" level="INFO">${ResultAppCrash} = True</msg>
<status status="PASS" starttime="20240402 15:01:38.419" endtime="20240402 15:01:38.420"/>
</kw>
<kw name="Run Keyword If" library="BuiltIn">
<arg>'${Result}'=='False' and '${ResultAppCrash}'=='True'</arg>
<arg>Fail</arg>
<arg>&lt;font style="color:#FFCC00" size="3"&gt;&amp;#9679&lt;/font&gt;Application Keep Crashing</arg>
<doc>Runs the given keyword with the given arguments, if ``condition`` is true.</doc>
<status status="PASS" starttime="20240402 15:01:38.421" endtime="20240402 15:01:38.421"/>
</kw>
<kw name="Run Keyword If" library="BuiltIn">
<arg>'${Result}'=='False' and '${ResultAppCrash}'=='False'</arg>
<arg>Fail</arg>
<arg>&lt;font style="color:red" size="3"&gt;&amp;#9679&lt;/font&gt;Element did not appear in 20s</arg>
<doc>Runs the given keyword with the given arguments, if ``condition`` is true.</doc>
<status status="PASS" starttime="20240402 15:01:38.421" endtime="20240402 15:01:38.421"/>
</kw>
<kw name="mCaptureAppium" library="mCommonKeyword" type="TEARDOWN">
<kw name="Get Current Date" library="DateTime">
<var>${CurrentDate}</var>
<arg>result_format=%d%m%Y</arg>
<doc>Returns current local or UTC time with an optional increment.</doc>
<msg timestamp="20240402 15:01:38.423" level="INFO">${CurrentDate} = 02042024</msg>
<status status="PASS" starttime="20240402 15:01:38.421" endtime="20240402 15:01:38.423"/>
</kw>
<kw name="Get Current Date" library="DateTime">
<var>${current_time}</var>
<arg>result_format=%H-%M-%S</arg>
<doc>Returns current local or UTC time with an optional increment.</doc>
<msg timestamp="20240402 15:01:38.423" level="INFO">${current_time} = 15-01-38</msg>
<status status="PASS" starttime="20240402 15:01:38.423" endtime="20240402 15:01:38.423"/>
</kw>
<kw name="Log" library="BuiltIn">
<arg>${current_time}</arg>
<doc>Logs the given message with the given level.</doc>
<msg timestamp="20240402 15:01:38.424" level="INFO">15-01-38</msg>
<status status="PASS" starttime="20240402 15:01:38.424" endtime="20240402 15:01:38.424"/>
</kw>
<kw name="Capture Page Screenshot" library="AppiumLibrary">
<arg>appium-screenshot-${CurrentDate}_${current_time}.png</arg>
<doc>Takes a screenshot of the current page and embeds it into the log.</doc>
<msg timestamp="20240402 15:01:39.071" level="INFO" html="true">&lt;/td&gt;&lt;/tr&gt;&lt;tr&gt;&lt;td colspan="3"&gt;&lt;a href="appium-screenshot-02042024_15-01-38.png"&gt;&lt;img src="appium-screenshot-02042024_15-01-38.png" width="800px"&gt;&lt;/a&gt;</msg>
<status status="PASS" starttime="20240402 15:01:38.424" endtime="20240402 15:01:39.071"/>
</kw>
<status status="PASS" starttime="20240402 15:01:38.421" endtime="20240402 15:01:39.072"/>
</kw>
<status status="PASS" starttime="20240402 15:01:37.296" endtime="20240402 15:01:39.072"/>
</kw>
<kw name="mClickWebElement" library="Redefine_Keyword">
<arg>xpath=//android.view.View[@content-desc="Skip"]</arg>
<doc>*Description*</doc>
<kw name="Log" library="BuiltIn">
<arg>${Locator}</arg>
<doc>Logs the given message with the given level.</doc>
<msg timestamp="20240402 15:01:39.073" level="INFO">xpath=//android.view.View[@content-desc="Skip"]</msg>
<status status="PASS" starttime="20240402 15:01:39.073" endtime="20240402 15:01:39.074"/>
</kw>
<kw name="Comment" library="BuiltIn">
<arg>Sleep</arg>
<arg>2s</arg>
<doc>Displays the given messages in the log file as keyword arguments.</doc>
<status status="PASS" starttime="20240402 15:01:39.074" endtime="20240402 15:01:39.074"/>
</kw>
<kw name="Run Keyword And Return Status" library="BuiltIn">
<var>${Result}</var>
<arg>AppiumLibrary.Wait Until Element Is Visible</arg>
<arg>${Locator}</arg>
<arg>${Timeout}</arg>
<doc>Runs the given keyword with given arguments and returns the status as a Boolean value.</doc>
<kw name="Wait Until Element Is Visible" library="AppiumLibrary">
<arg>${Locator}</arg>
<arg>${Timeout}</arg>
<doc>Waits until element specified with `locator` is visible.</doc>
<msg timestamp="20240402 15:01:39.179" level="INFO">xpath criteria: //android.view.View[@content-desc="Skip"]</msg>
<status status="PASS" starttime="20240402 15:01:39.075" endtime="20240402 15:01:39.179"/>
</kw>
<msg timestamp="20240402 15:01:39.179" level="INFO">${Result} = True</msg>
<status status="PASS" starttime="20240402 15:01:39.074" endtime="20240402 15:01:39.179"/>
</kw>
<kw name="Run Keyword And Return Status" library="BuiltIn">
<var>${Result}</var>
<arg>BuiltIn.Run Keyword If</arg>
<arg>'${result}'=='False'</arg>
<arg>AppiumLibrary.Wait Until Page Contains Element</arg>
<arg>${Locator}</arg>
<arg>${Timeout}</arg>
<doc>Runs the given keyword with given arguments and returns the status as a Boolean value.</doc>
<kw name="Run Keyword If" library="BuiltIn">
<arg>'${result}'=='False'</arg>
<arg>AppiumLibrary.Wait Until Page Contains Element</arg>
<arg>${Locator}</arg>
<arg>${Timeout}</arg>
<doc>Runs the given keyword with the given arguments, if ``condition`` is true.</doc>
<status status="PASS" starttime="20240402 15:01:39.180" endtime="20240402 15:01:39.180"/>
</kw>
<msg timestamp="20240402 15:01:39.181" level="INFO">${Result} = True</msg>
<status status="PASS" starttime="20240402 15:01:39.180" endtime="20240402 15:01:39.181"/>
</kw>
<kw name="Run Keyword If" library="BuiltIn">
<arg>'${Result}'=='True'</arg>
<arg>AppiumLibrary.Click Element</arg>
<arg>${Locator}</arg>
<doc>Runs the given keyword with the given arguments, if ``condition`` is true.</doc>
<kw name="Click Element" library="AppiumLibrary">
<arg>${Locator}</arg>
<doc>Click element identified by `locator`.</doc>
<msg timestamp="20240402 15:01:39.192" level="INFO">Clicking element 'xpath=//android.view.View[@content-desc="Skip"]'.</msg>
<msg timestamp="20240402 15:01:40.090" level="INFO">xpath criteria: //android.view.View[@content-desc="Skip"]</msg>
<status status="PASS" starttime="20240402 15:01:39.181" endtime="20240402 15:01:40.090"/>
</kw>
<status status="PASS" starttime="20240402 15:01:39.181" endtime="20240402 15:01:40.090"/>
</kw>
<kw name="Comment" library="BuiltIn">
<arg>Wait Until Keyword Succeeds</arg>
<arg>5x</arg>
<arg>1s</arg>
<arg>AppiumLibrary.Click Element</arg>
<arg>${Locator}</arg>
<doc>Displays the given messages in the log file as keyword arguments.</doc>
<status status="PASS" starttime="20240402 15:01:40.091" endtime="20240402 15:01:40.091"/>
</kw>
<kw name="Run Keyword And Return Status" library="BuiltIn">
<var>${ResultAppCrash}</var>
<arg>BuiltIn.Run Keyword If</arg>
<arg>'${Result}'=='False'</arg>
<arg>AppiumLibrary.Wait Until Element Is Visible</arg>
<arg>${AppMyAISOnScreen}</arg>
<arg>1s</arg>
<doc>Runs the given keyword with given arguments and returns the status as a Boolean value.</doc>
<kw name="Run Keyword If" library="BuiltIn">
<arg>'${Result}'=='False'</arg>
<arg>AppiumLibrary.Wait Until Element Is Visible</arg>
<arg>${AppMyAISOnScreen}</arg>
<arg>1s</arg>
<doc>Runs the given keyword with the given arguments, if ``condition`` is true.</doc>
<status status="PASS" starttime="20240402 15:01:40.092" endtime="20240402 15:01:40.092"/>
</kw>
<msg timestamp="20240402 15:01:40.092" level="INFO">${ResultAppCrash} = True</msg>
<status status="PASS" starttime="20240402 15:01:40.092" endtime="20240402 15:01:40.093"/>
</kw>
<kw name="Run Keyword If" library="BuiltIn">
<arg>'${Result}'=='False' and '${ResultAppCrash}'=='True'</arg>
<arg>Fail</arg>
<arg>&lt;font style="color:#FFCC00" size="3"&gt;&amp;#9679&lt;/font&gt;Application Keep Crashing</arg>
<doc>Runs the given keyword with the given arguments, if ``condition`` is true.</doc>
<status status="PASS" starttime="20240402 15:01:40.093" endtime="20240402 15:01:40.093"/>
</kw>
<kw name="Run Keyword If" library="BuiltIn">
<arg>'${Result}'=='False' and '${ResultAppCrash}'=='False'</arg>
<arg>Fail</arg>
<arg>&lt;font style="color:red" size="3"&gt;&amp;#9679&lt;/font&gt;Element did not appear in 20s</arg>
<doc>Runs the given keyword with the given arguments, if ``condition`` is true.</doc>
<status status="PASS" starttime="20240402 15:01:40.093" endtime="20240402 15:01:40.094"/>
</kw>
<kw name="mCaptureAppium" library="mCommonKeyword" type="TEARDOWN">
<kw name="Get Current Date" library="DateTime">
<var>${CurrentDate}</var>
<arg>result_format=%d%m%Y</arg>
<doc>Returns current local or UTC time with an optional increment.</doc>
<msg timestamp="20240402 15:01:40.095" level="INFO">${CurrentDate} = 02042024</msg>
<status status="PASS" starttime="20240402 15:01:40.094" endtime="20240402 15:01:40.095"/>
</kw>
<kw name="Get Current Date" library="DateTime">
<var>${current_time}</var>
<arg>result_format=%H-%M-%S</arg>
<doc>Returns current local or UTC time with an optional increment.</doc>
<msg timestamp="20240402 15:01:40.096" level="INFO">${current_time} = 15-01-40</msg>
<status status="PASS" starttime="20240402 15:01:40.095" endtime="20240402 15:01:40.096"/>
</kw>
<kw name="Log" library="BuiltIn">
<arg>${current_time}</arg>
<doc>Logs the given message with the given level.</doc>
<msg timestamp="20240402 15:01:40.096" level="INFO">15-01-40</msg>
<status status="PASS" starttime="20240402 15:01:40.096" endtime="20240402 15:01:40.096"/>
</kw>
<kw name="Capture Page Screenshot" library="AppiumLibrary">
<arg>appium-screenshot-${CurrentDate}_${current_time}.png</arg>
<doc>Takes a screenshot of the current page and embeds it into the log.</doc>
<msg timestamp="20240402 15:02:01.186" level="INFO" html="true">&lt;/td&gt;&lt;/tr&gt;&lt;tr&gt;&lt;td colspan="3"&gt;&lt;a href="appium-screenshot-02042024_15-01-40.png"&gt;&lt;img src="appium-screenshot-02042024_15-01-40.png" width="800px"&gt;&lt;/a&gt;</msg>
<status status="PASS" starttime="20240402 15:01:40.097" endtime="20240402 15:02:01.188"/>
</kw>
<status status="PASS" starttime="20240402 15:01:40.094" endtime="20240402 15:02:01.188"/>
</kw>
<status status="PASS" starttime="20240402 15:01:39.072" endtime="20240402 15:02:01.188"/>
</kw>
<kw name="Set Variable" library="BuiltIn">
<var>${MobileNumberOrEmail}</var>
<arg>0924309872</arg>
<doc>Returns the given values which can then be assigned to a variables.</doc>
<msg timestamp="20240402 15:02:01.190" level="INFO">${MobileNumberOrEmail} = 0924309872</msg>
<status status="PASS" starttime="20240402 15:02:01.189" endtime="20240402 15:02:01.190"/>
</kw>
<kw name="Set Variable" library="BuiltIn">
<var>${PIN}</var>
<arg>111111</arg>
<doc>Returns the given values which can then be assigned to a variables.</doc>
<msg timestamp="20240402 15:02:01.191" level="INFO">${PIN} = 111111</msg>
<status status="PASS" starttime="20240402 15:02:01.191" endtime="20240402 15:02:01.191"/>
</kw>
<kw name="Wait Until Element Is Visible" library="AppiumLibrary">
<arg>xpath=//android.widget.EditText</arg>
<arg>120</arg>
<doc>Waits until element specified with `locator` is visible.</doc>
<msg timestamp="20240402 15:02:02.633" level="INFO">xpath criteria: //android.widget.EditText
xpath criteria: //android.widget.EditText</msg>
<status status="PASS" starttime="20240402 15:02:01.191" endtime="20240402 15:02:02.634"/>
</kw>
<kw name="Input Value" library="AppiumLibrary">
<arg>xpath=//android.widget.EditText</arg>
<arg>0924309872</arg>
<doc>Sets the given value into text field identified by `locator`. This is an IOS only keyword, input value makes use of set_value</doc>
<msg timestamp="20240402 15:02:02.651" level="INFO">Setting text '0924309872' into text field 'xpath=//android.widget.EditText'</msg>
<msg timestamp="20240402 15:02:02.903" level="INFO">xpath criteria: //android.widget.EditText</msg>
<status status="PASS" starttime="20240402 15:02:02.635" endtime="20240402 15:02:02.904"/>
</kw>
<kw name="mClickWebElement" library="Redefine_Keyword">
<arg>xpath=//android.widget.Button[@text="Continue"]</arg>
<doc>*Description*</doc>
<kw name="Log" library="BuiltIn">
<arg>${Locator}</arg>
<doc>Logs the given message with the given level.</doc>
<msg timestamp="20240402 15:02:02.907" level="INFO">xpath=//android.widget.Button[@text="Continue"]</msg>
<status status="PASS" starttime="20240402 15:02:02.907" endtime="20240402 15:02:02.907"/>
</kw>
<kw name="Comment" library="BuiltIn">
<arg>Sleep</arg>
<arg>2s</arg>
<doc>Displays the given messages in the log file as keyword arguments.</doc>
<status status="PASS" starttime="20240402 15:02:02.907" endtime="20240402 15:02:02.908"/>
</kw>
<kw name="Run Keyword And Return Status" library="BuiltIn">
<var>${Result}</var>
<arg>AppiumLibrary.Wait Until Element Is Visible</arg>
<arg>${Locator}</arg>
<arg>${Timeout}</arg>
<doc>Runs the given keyword with given arguments and returns the status as a Boolean value.</doc>
<kw name="Wait Until Element Is Visible" library="AppiumLibrary">
<arg>${Locator}</arg>
<arg>${Timeout}</arg>
<doc>Waits until element specified with `locator` is visible.</doc>
<msg timestamp="20240402 15:02:03.091" level="INFO">xpath criteria: //android.widget.Button[@text="Continue"]</msg>
<status status="PASS" starttime="20240402 15:02:02.908" endtime="20240402 15:02:03.091"/>
</kw>
<msg timestamp="20240402 15:02:03.092" level="INFO">${Result} = True</msg>
<status status="PASS" starttime="20240402 15:02:02.908" endtime="20240402 15:02:03.092"/>
</kw>
<kw name="Run Keyword And Return Status" library="BuiltIn">
<var>${Result}</var>
<arg>BuiltIn.Run Keyword If</arg>
<arg>'${result}'=='False'</arg>
<arg>AppiumLibrary.Wait Until Page Contains Element</arg>
<arg>${Locator}</arg>
<arg>${Timeout}</arg>
<doc>Runs the given keyword with given arguments and returns the status as a Boolean value.</doc>
<kw name="Run Keyword If" library="BuiltIn">
<arg>'${result}'=='False'</arg>
<arg>AppiumLibrary.Wait Until Page Contains Element</arg>
<arg>${Locator}</arg>
<arg>${Timeout}</arg>
<doc>Runs the given keyword with the given arguments, if ``condition`` is true.</doc>
<status status="PASS" starttime="20240402 15:02:03.094" endtime="20240402 15:02:03.095"/>
</kw>
<msg timestamp="20240402 15:02:03.095" level="INFO">${Result} = True</msg>
<status status="PASS" starttime="20240402 15:02:03.093" endtime="20240402 15:02:03.096"/>
</kw>
<kw name="Run Keyword If" library="BuiltIn">
<arg>'${Result}'=='True'</arg>
<arg>AppiumLibrary.Click Element</arg>
<arg>${Locator}</arg>
<doc>Runs the given keyword with the given arguments, if ``condition`` is true.</doc>
<kw name="Click Element" library="AppiumLibrary">
<arg>${Locator}</arg>
<doc>Click element identified by `locator`.</doc>
<msg timestamp="20240402 15:02:03.125" level="INFO">Clicking element 'xpath=//android.widget.Button[@text="Continue"]'.</msg>
<msg timestamp="20240402 15:02:03.402" level="INFO">xpath criteria: //android.widget.Button[@text="Continue"]</msg>
<status status="PASS" starttime="20240402 15:02:03.098" endtime="20240402 15:02:03.402"/>
</kw>
<status status="PASS" starttime="20240402 15:02:03.096" endtime="20240402 15:02:03.403"/>
</kw>
<kw name="Comment" library="BuiltIn">
<arg>Wait Until Keyword Succeeds</arg>
<arg>5x</arg>
<arg>1s</arg>
<arg>AppiumLibrary.Click Element</arg>
<arg>${Locator}</arg>
<doc>Displays the given messages in the log file as keyword arguments.</doc>
<status status="PASS" starttime="20240402 15:02:03.403" endtime="20240402 15:02:03.403"/>
</kw>
<kw name="Run Keyword And Return Status" library="BuiltIn">
<var>${ResultAppCrash}</var>
<arg>BuiltIn.Run Keyword If</arg>
<arg>'${Result}'=='False'</arg>
<arg>AppiumLibrary.Wait Until Element Is Visible</arg>
<arg>${AppMyAISOnScreen}</arg>
<arg>1s</arg>
<doc>Runs the given keyword with given arguments and returns the status as a Boolean value.</doc>
<kw name="Run Keyword If" library="BuiltIn">
<arg>'${Result}'=='False'</arg>
<arg>AppiumLibrary.Wait Until Element Is Visible</arg>
<arg>${AppMyAISOnScreen}</arg>
<arg>1s</arg>
<doc>Runs the given keyword with the given arguments, if ``condition`` is true.</doc>
<status status="PASS" starttime="20240402 15:02:03.404" endtime="20240402 15:02:03.405"/>
</kw>
<msg timestamp="20240402 15:02:03.405" level="INFO">${ResultAppCrash} = True</msg>
<status status="PASS" starttime="20240402 15:02:03.404" endtime="20240402 15:02:03.405"/>
</kw>
<kw name="Run Keyword If" library="BuiltIn">
<arg>'${Result}'=='False' and '${ResultAppCrash}'=='True'</arg>
<arg>Fail</arg>
<arg>&lt;font style="color:#FFCC00" size="3"&gt;&amp;#9679&lt;/font&gt;Application Keep Crashing</arg>
<doc>Runs the given keyword with the given arguments, if ``condition`` is true.</doc>
<status status="PASS" starttime="20240402 15:02:03.405" endtime="20240402 15:02:03.405"/>
</kw>
<kw name="Run Keyword If" library="BuiltIn">
<arg>'${Result}'=='False' and '${ResultAppCrash}'=='False'</arg>
<arg>Fail</arg>
<arg>&lt;font style="color:red" size="3"&gt;&amp;#9679&lt;/font&gt;Element did not appear in 20s</arg>
<doc>Runs the given keyword with the given arguments, if ``condition`` is true.</doc>
<status status="PASS" starttime="20240402 15:02:03.406" endtime="20240402 15:02:03.406"/>
</kw>
<kw name="mCaptureAppium" library="mCommonKeyword" type="TEARDOWN">
<kw name="Get Current Date" library="DateTime">
<var>${CurrentDate}</var>
<arg>result_format=%d%m%Y</arg>
<doc>Returns current local or UTC time with an optional increment.</doc>
<msg timestamp="20240402 15:02:03.407" level="INFO">${CurrentDate} = 02042024</msg>
<status status="PASS" starttime="20240402 15:02:03.406" endtime="20240402 15:02:03.407"/>
</kw>
<kw name="Get Current Date" library="DateTime">
<var>${current_time}</var>
<arg>result_format=%H-%M-%S</arg>
<doc>Returns current local or UTC time with an optional increment.</doc>
<msg timestamp="20240402 15:02:03.407" level="INFO">${current_time} = 15-02-03</msg>
<status status="PASS" starttime="20240402 15:02:03.407" endtime="20240402 15:02:03.407"/>
</kw>
<kw name="Log" library="BuiltIn">
<arg>${current_time}</arg>
<doc>Logs the given message with the given level.</doc>
<msg timestamp="20240402 15:02:03.407" level="INFO">15-02-03</msg>
<status status="PASS" starttime="20240402 15:02:03.407" endtime="20240402 15:02:03.407"/>
</kw>
<kw name="Capture Page Screenshot" library="AppiumLibrary">
<arg>appium-screenshot-${CurrentDate}_${current_time}.png</arg>
<doc>Takes a screenshot of the current page and embeds it into the log.</doc>
<msg timestamp="20240402 15:02:04.018" level="INFO" html="true">&lt;/td&gt;&lt;/tr&gt;&lt;tr&gt;&lt;td colspan="3"&gt;&lt;a href="appium-screenshot-02042024_15-02-03.png"&gt;&lt;img src="appium-screenshot-02042024_15-02-03.png" width="800px"&gt;&lt;/a&gt;</msg>
<status status="PASS" starttime="20240402 15:02:03.407" endtime="20240402 15:02:04.018"/>
</kw>
<status status="PASS" starttime="20240402 15:02:03.406" endtime="20240402 15:02:04.019"/>
</kw>
<status status="PASS" starttime="20240402 15:02:02.906" endtime="20240402 15:02:04.019"/>
</kw>
<kw name="mClickWebElement" library="Redefine_Keyword">
<arg>xpath=//android.widget.Button[@text="1"]</arg>
<doc>*Description*</doc>
<kw name="Log" library="BuiltIn">
<arg>${Locator}</arg>
<doc>Logs the given message with the given level.</doc>
<msg timestamp="20240402 15:02:04.022" level="INFO">xpath=//android.widget.Button[@text="1"]</msg>
<status status="PASS" starttime="20240402 15:02:04.022" endtime="20240402 15:02:04.022"/>
</kw>
<kw name="Comment" library="BuiltIn">
<arg>Sleep</arg>
<arg>2s</arg>
<doc>Displays the given messages in the log file as keyword arguments.</doc>
<status status="PASS" starttime="20240402 15:02:04.023" endtime="20240402 15:02:04.023"/>
</kw>
<kw name="Run Keyword And Return Status" library="BuiltIn">
<var>${Result}</var>
<arg>AppiumLibrary.Wait Until Element Is Visible</arg>
<arg>${Locator}</arg>
<arg>${Timeout}</arg>
<doc>Runs the given keyword with given arguments and returns the status as a Boolean value.</doc>
<kw name="Wait Until Element Is Visible" library="AppiumLibrary">
<arg>${Locator}</arg>
<arg>${Timeout}</arg>
<doc>Waits until element specified with `locator` is visible.</doc>
<msg timestamp="20240402 15:02:05.635" level="INFO">xpath criteria: //android.widget.Button[@text="1"]
xpath criteria: //android.widget.Button[@text="1"]
xpath criteria: //android.widget.Button[@text="1"]
xpath criteria: //android.widget.Button[@text="1"]</msg>
<status status="PASS" starttime="20240402 15:02:04.024" endtime="20240402 15:02:05.635"/>
</kw>
<msg timestamp="20240402 15:02:05.636" level="INFO">${Result} = True</msg>
<status status="PASS" starttime="20240402 15:02:04.023" endtime="20240402 15:02:05.636"/>
</kw>
<kw name="Run Keyword And Return Status" library="BuiltIn">
<var>${Result}</var>
<arg>BuiltIn.Run Keyword If</arg>
<arg>'${result}'=='False'</arg>
<arg>AppiumLibrary.Wait Until Page Contains Element</arg>
<arg>${Locator}</arg>
<arg>${Timeout}</arg>
<doc>Runs the given keyword with given arguments and returns the status as a Boolean value.</doc>
<kw name="Run Keyword If" library="BuiltIn">
<arg>'${result}'=='False'</arg>
<arg>AppiumLibrary.Wait Until Page Contains Element</arg>
<arg>${Locator}</arg>
<arg>${Timeout}</arg>
<doc>Runs the given keyword with the given arguments, if ``condition`` is true.</doc>
<status status="PASS" starttime="20240402 15:02:05.638" endtime="20240402 15:02:05.639"/>
</kw>
<msg timestamp="20240402 15:02:05.639" level="INFO">${Result} = True</msg>
<status status="PASS" starttime="20240402 15:02:05.637" endtime="20240402 15:02:05.639"/>
</kw>
<kw name="Run Keyword If" library="BuiltIn">
<arg>'${Result}'=='True'</arg>
<arg>AppiumLibrary.Click Element</arg>
<arg>${Locator}</arg>
<doc>Runs the given keyword with the given arguments, if ``condition`` is true.</doc>
<kw name="Click Element" library="AppiumLibrary">
<arg>${Locator}</arg>
<doc>Click element identified by `locator`.</doc>
<msg timestamp="20240402 15:02:05.667" level="INFO">Clicking element 'xpath=//android.widget.Button[@text="1"]'.</msg>
<msg timestamp="20240402 15:02:06.034" level="INFO">xpath criteria: //android.widget.Button[@text="1"]</msg>
<status status="PASS" starttime="20240402 15:02:05.642" endtime="20240402 15:02:06.034"/>
</kw>
<status status="PASS" starttime="20240402 15:02:05.639" endtime="20240402 15:02:06.035"/>
</kw>
<kw name="Comment" library="BuiltIn">
<arg>Wait Until Keyword Succeeds</arg>
<arg>5x</arg>
<arg>1s</arg>
<arg>AppiumLibrary.Click Element</arg>
<arg>${Locator}</arg>
<doc>Displays the given messages in the log file as keyword arguments.</doc>
<status status="PASS" starttime="20240402 15:02:06.036" endtime="20240402 15:02:06.037"/>
</kw>
<kw name="Run Keyword And Return Status" library="BuiltIn">
<var>${ResultAppCrash}</var>
<arg>BuiltIn.Run Keyword If</arg>
<arg>'${Result}'=='False'</arg>
<arg>AppiumLibrary.Wait Until Element Is Visible</arg>
<arg>${AppMyAISOnScreen}</arg>
<arg>1s</arg>
<doc>Runs the given keyword with given arguments and returns the status as a Boolean value.</doc>
<kw name="Run Keyword If" library="BuiltIn">
<arg>'${Result}'=='False'</arg>
<arg>AppiumLibrary.Wait Until Element Is Visible</arg>
<arg>${AppMyAISOnScreen}</arg>
<arg>1s</arg>
<doc>Runs the given keyword with the given arguments, if ``condition`` is true.</doc>
<status status="PASS" starttime="20240402 15:02:06.038" endtime="20240402 15:02:06.038"/>
</kw>
<msg timestamp="20240402 15:02:06.039" level="INFO">${ResultAppCrash} = True</msg>
<status status="PASS" starttime="20240402 15:02:06.038" endtime="20240402 15:02:06.039"/>
</kw>
<kw name="Run Keyword If" library="BuiltIn">
<arg>'${Result}'=='False' and '${ResultAppCrash}'=='True'</arg>
<arg>Fail</arg>
<arg>&lt;font style="color:#FFCC00" size="3"&gt;&amp;#9679&lt;/font&gt;Application Keep Crashing</arg>
<doc>Runs the given keyword with the given arguments, if ``condition`` is true.</doc>
<status status="PASS" starttime="20240402 15:02:06.039" endtime="20240402 15:02:06.041"/>
</kw>
<kw name="Run Keyword If" library="BuiltIn">
<arg>'${Result}'=='False' and '${ResultAppCrash}'=='False'</arg>
<arg>Fail</arg>
<arg>&lt;font style="color:red" size="3"&gt;&amp;#9679&lt;/font&gt;Element did not appear in 20s</arg>
<doc>Runs the given keyword with the given arguments, if ``condition`` is true.</doc>
<status status="PASS" starttime="20240402 15:02:06.042" endtime="20240402 15:02:06.043"/>
</kw>
<kw name="mCaptureAppium" library="mCommonKeyword" type="TEARDOWN">
<kw name="Get Current Date" library="DateTime">
<var>${CurrentDate}</var>
<arg>result_format=%d%m%Y</arg>
<doc>Returns current local or UTC time with an optional increment.</doc>
<msg timestamp="20240402 15:02:06.044" level="INFO">${CurrentDate} = 02042024</msg>
<status status="PASS" starttime="20240402 15:02:06.044" endtime="20240402 15:02:06.044"/>
</kw>
<kw name="Get Current Date" library="DateTime">
<var>${current_time}</var>
<arg>result_format=%H-%M-%S</arg>
<doc>Returns current local or UTC time with an optional increment.</doc>
<msg timestamp="20240402 15:02:06.045" level="INFO">${current_time} = 15-02-06</msg>
<status status="PASS" starttime="20240402 15:02:06.045" endtime="20240402 15:02:06.046"/>
</kw>
<kw name="Log" library="BuiltIn">
<arg>${current_time}</arg>
<doc>Logs the given message with the given level.</doc>
<msg timestamp="20240402 15:02:06.047" level="INFO">15-02-06</msg>
<status status="PASS" starttime="20240402 15:02:06.047" endtime="20240402 15:02:06.047"/>
</kw>
<kw name="Capture Page Screenshot" library="AppiumLibrary">
<arg>appium-screenshot-${CurrentDate}_${current_time}.png</arg>
<doc>Takes a screenshot of the current page and embeds it into the log.</doc>
<msg timestamp="20240402 15:02:06.554" level="INFO" html="true">&lt;/td&gt;&lt;/tr&gt;&lt;tr&gt;&lt;td colspan="3"&gt;&lt;a href="appium-screenshot-02042024_15-02-06.png"&gt;&lt;img src="appium-screenshot-02042024_15-02-06.png" width="800px"&gt;&lt;/a&gt;</msg>
<status status="PASS" starttime="20240402 15:02:06.047" endtime="20240402 15:02:06.554"/>
</kw>
<status status="PASS" starttime="20240402 15:02:06.043" endtime="20240402 15:02:06.555"/>
</kw>
<status status="PASS" starttime="20240402 15:02:04.021" endtime="20240402 15:02:06.555"/>
</kw>
<kw name="mClickWebElement" library="Redefine_Keyword">
<arg>xpath=//android.widget.Button[@text="1"]</arg>
<doc>*Description*</doc>
<kw name="Log" library="BuiltIn">
<arg>${Locator}</arg>
<doc>Logs the given message with the given level.</doc>
<msg timestamp="20240402 15:02:06.559" level="INFO">xpath=//android.widget.Button[@text="1"]</msg>
<status status="PASS" starttime="20240402 15:02:06.559" endtime="20240402 15:02:06.560"/>
</kw>
<kw name="Comment" library="BuiltIn">
<arg>Sleep</arg>
<arg>2s</arg>
<doc>Displays the given messages in the log file as keyword arguments.</doc>
<status status="PASS" starttime="20240402 15:02:06.560" endtime="20240402 15:02:06.561"/>
</kw>
<kw name="Run Keyword And Return Status" library="BuiltIn">
<var>${Result}</var>
<arg>AppiumLibrary.Wait Until Element Is Visible</arg>
<arg>${Locator}</arg>
<arg>${Timeout}</arg>
<doc>Runs the given keyword with given arguments and returns the status as a Boolean value.</doc>
<kw name="Wait Until Element Is Visible" library="AppiumLibrary">
<arg>${Locator}</arg>
<arg>${Timeout}</arg>
<doc>Waits until element specified with `locator` is visible.</doc>
<msg timestamp="20240402 15:02:06.757" level="INFO">xpath criteria: //android.widget.Button[@text="1"]</msg>
<status status="PASS" starttime="20240402 15:02:06.564" endtime="20240402 15:02:06.758"/>
</kw>
<msg timestamp="20240402 15:02:06.758" level="INFO">${Result} = True</msg>
<status status="PASS" starttime="20240402 15:02:06.562" endtime="20240402 15:02:06.759"/>
</kw>
<kw name="Run Keyword And Return Status" library="BuiltIn">
<var>${Result}</var>
<arg>BuiltIn.Run Keyword If</arg>
<arg>'${result}'=='False'</arg>
<arg>AppiumLibrary.Wait Until Page Contains Element</arg>
<arg>${Locator}</arg>
<arg>${Timeout}</arg>
<doc>Runs the given keyword with given arguments and returns the status as a Boolean value.</doc>
<kw name="Run Keyword If" library="BuiltIn">
<arg>'${result}'=='False'</arg>
<arg>AppiumLibrary.Wait Until Page Contains Element</arg>
<arg>${Locator}</arg>
<arg>${Timeout}</arg>
<doc>Runs the given keyword with the given arguments, if ``condition`` is true.</doc>
<status status="PASS" starttime="20240402 15:02:06.760" endtime="20240402 15:02:06.760"/>
</kw>
<msg timestamp="20240402 15:02:06.761" level="INFO">${Result} = True</msg>
<status status="PASS" starttime="20240402 15:02:06.759" endtime="20240402 15:02:06.761"/>
</kw>
<kw name="Run Keyword If" library="BuiltIn">
<arg>'${Result}'=='True'</arg>
<arg>AppiumLibrary.Click Element</arg>
<arg>${Locator}</arg>
<doc>Runs the given keyword with the given arguments, if ``condition`` is true.</doc>
<kw name="Click Element" library="AppiumLibrary">
<arg>${Locator}</arg>
<doc>Click element identified by `locator`.</doc>
<msg timestamp="20240402 15:02:06.792" level="INFO">Clicking element 'xpath=//android.widget.Button[@text="1"]'.</msg>
<msg timestamp="20240402 15:02:07.120" level="INFO">xpath criteria: //android.widget.Button[@text="1"]</msg>
<status status="PASS" starttime="20240402 15:02:06.762" endtime="20240402 15:02:07.120"/>
</kw>
<status status="PASS" starttime="20240402 15:02:06.761" endtime="20240402 15:02:07.121"/>
</kw>
<kw name="Comment" library="BuiltIn">
<arg>Wait Until Keyword Succeeds</arg>
<arg>5x</arg>
<arg>1s</arg>
<arg>AppiumLibrary.Click Element</arg>
<arg>${Locator}</arg>
<doc>Displays the given messages in the log file as keyword arguments.</doc>
<status status="PASS" starttime="20240402 15:02:07.121" endtime="20240402 15:02:07.122"/>
</kw>
<kw name="Run Keyword And Return Status" library="BuiltIn">
<var>${ResultAppCrash}</var>
<arg>BuiltIn.Run Keyword If</arg>
<arg>'${Result}'=='False'</arg>
<arg>AppiumLibrary.Wait Until Element Is Visible</arg>
<arg>${AppMyAISOnScreen}</arg>
<arg>1s</arg>
<doc>Runs the given keyword with given arguments and returns the status as a Boolean value.</doc>
<kw name="Run Keyword If" library="BuiltIn">
<arg>'${Result}'=='False'</arg>
<arg>AppiumLibrary.Wait Until Element Is Visible</arg>
<arg>${AppMyAISOnScreen}</arg>
<arg>1s</arg>
<doc>Runs the given keyword with the given arguments, if ``condition`` is true.</doc>
<status status="PASS" starttime="20240402 15:02:07.124" endtime="20240402 15:02:07.125"/>
</kw>
<msg timestamp="20240402 15:02:07.126" level="INFO">${ResultAppCrash} = True</msg>
<status status="PASS" starttime="20240402 15:02:07.124" endtime="20240402 15:02:07.126"/>
</kw>
<kw name="Run Keyword If" library="BuiltIn">
<arg>'${Result}'=='False' and '${ResultAppCrash}'=='True'</arg>
<arg>Fail</arg>
<arg>&lt;font style="color:#FFCC00" size="3"&gt;&amp;#9679&lt;/font&gt;Application Keep Crashing</arg>
<doc>Runs the given keyword with the given arguments, if ``condition`` is true.</doc>
<status status="PASS" starttime="20240402 15:02:07.126" endtime="20240402 15:02:07.127"/>
</kw>
<kw name="Run Keyword If" library="BuiltIn">
<arg>'${Result}'=='False' and '${ResultAppCrash}'=='False'</arg>
<arg>Fail</arg>
<arg>&lt;font style="color:red" size="3"&gt;&amp;#9679&lt;/font&gt;Element did not appear in 20s</arg>
<doc>Runs the given keyword with the given arguments, if ``condition`` is true.</doc>
<status status="PASS" starttime="20240402 15:02:07.127" endtime="20240402 15:02:07.128"/>
</kw>
<kw name="mCaptureAppium" library="mCommonKeyword" type="TEARDOWN">
<kw name="Get Current Date" library="DateTime">
<var>${CurrentDate}</var>
<arg>result_format=%d%m%Y</arg>
<doc>Returns current local or UTC time with an optional increment.</doc>
<msg timestamp="20240402 15:02:07.130" level="INFO">${CurrentDate} = 02042024</msg>
<status status="PASS" starttime="20240402 15:02:07.129" endtime="20240402 15:02:07.130"/>
</kw>
<kw name="Get Current Date" library="DateTime">
<var>${current_time}</var>
<arg>result_format=%H-%M-%S</arg>
<doc>Returns current local or UTC time with an optional increment.</doc>
<msg timestamp="20240402 15:02:07.131" level="INFO">${current_time} = 15-02-07</msg>
<status status="PASS" starttime="20240402 15:02:07.131" endtime="20240402 15:02:07.131"/>
</kw>
<kw name="Log" library="BuiltIn">
<arg>${current_time}</arg>
<doc>Logs the given message with the given level.</doc>
<msg timestamp="20240402 15:02:07.133" level="INFO">15-02-07</msg>
<status status="PASS" starttime="20240402 15:02:07.132" endtime="20240402 15:02:07.134"/>
</kw>
<kw name="Capture Page Screenshot" library="AppiumLibrary">
<arg>appium-screenshot-${CurrentDate}_${current_time}.png</arg>
<doc>Takes a screenshot of the current page and embeds it into the log.</doc>
<msg timestamp="20240402 15:02:07.608" level="INFO" html="true">&lt;/td&gt;&lt;/tr&gt;&lt;tr&gt;&lt;td colspan="3"&gt;&lt;a href="appium-screenshot-02042024_15-02-07.png"&gt;&lt;img src="appium-screenshot-02042024_15-02-07.png" width="800px"&gt;&lt;/a&gt;</msg>
<status status="PASS" starttime="20240402 15:02:07.134" endtime="20240402 15:02:07.609"/>
</kw>
<status status="PASS" starttime="20240402 15:02:07.128" endtime="20240402 15:02:07.609"/>
</kw>
<status status="PASS" starttime="20240402 15:02:06.557" endtime="20240402 15:02:07.609"/>
</kw>
<kw name="mClickWebElement" library="Redefine_Keyword">
<arg>xpath=//android.widget.Button[@text="1"]</arg>
<doc>*Description*</doc>
<kw name="Log" library="BuiltIn">
<arg>${Locator}</arg>
<doc>Logs the given message with the given level.</doc>
<msg timestamp="20240402 15:02:07.611" level="INFO">xpath=//android.widget.Button[@text="1"]</msg>
<status status="PASS" starttime="20240402 15:02:07.611" endtime="20240402 15:02:07.611"/>
</kw>
<kw name="Comment" library="BuiltIn">
<arg>Sleep</arg>
<arg>2s</arg>
<doc>Displays the given messages in the log file as keyword arguments.</doc>
<status status="PASS" starttime="20240402 15:02:07.613" endtime="20240402 15:02:07.614"/>
</kw>
<kw name="Run Keyword And Return Status" library="BuiltIn">
<var>${Result}</var>
<arg>AppiumLibrary.Wait Until Element Is Visible</arg>
<arg>${Locator}</arg>
<arg>${Timeout}</arg>
<doc>Runs the given keyword with given arguments and returns the status as a Boolean value.</doc>
<kw name="Wait Until Element Is Visible" library="AppiumLibrary">
<arg>${Locator}</arg>
<arg>${Timeout}</arg>
<doc>Waits until element specified with `locator` is visible.</doc>
<msg timestamp="20240402 15:02:07.806" level="INFO">xpath criteria: //android.widget.Button[@text="1"]</msg>
<status status="PASS" starttime="20240402 15:02:07.615" endtime="20240402 15:02:07.806"/>
</kw>
<msg timestamp="20240402 15:02:07.807" level="INFO">${Result} = True</msg>
<status status="PASS" starttime="20240402 15:02:07.614" endtime="20240402 15:02:07.807"/>
</kw>
<kw name="Run Keyword And Return Status" library="BuiltIn">
<var>${Result}</var>
<arg>BuiltIn.Run Keyword If</arg>
<arg>'${result}'=='False'</arg>
<arg>AppiumLibrary.Wait Until Page Contains Element</arg>
<arg>${Locator}</arg>
<arg>${Timeout}</arg>
<doc>Runs the given keyword with given arguments and returns the status as a Boolean value.</doc>
<kw name="Run Keyword If" library="BuiltIn">
<arg>'${result}'=='False'</arg>
<arg>AppiumLibrary.Wait Until Page Contains Element</arg>
<arg>${Locator}</arg>
<arg>${Timeout}</arg>
<doc>Runs the given keyword with the given arguments, if ``condition`` is true.</doc>
<status status="PASS" starttime="20240402 15:02:07.808" endtime="20240402 15:02:07.809"/>
</kw>
<msg timestamp="20240402 15:02:07.809" level="INFO">${Result} = True</msg>
<status status="PASS" starttime="20240402 15:02:07.807" endtime="20240402 15:02:07.809"/>
</kw>
<kw name="Run Keyword If" library="BuiltIn">
<arg>'${Result}'=='True'</arg>
<arg>AppiumLibrary.Click Element</arg>
<arg>${Locator}</arg>
<doc>Runs the given keyword with the given arguments, if ``condition`` is true.</doc>
<kw name="Click Element" library="AppiumLibrary">
<arg>${Locator}</arg>
<doc>Click element identified by `locator`.</doc>
<msg timestamp="20240402 15:02:07.839" level="INFO">Clicking element 'xpath=//android.widget.Button[@text="1"]'.</msg>
<msg timestamp="20240402 15:02:08.177" level="INFO">xpath criteria: //android.widget.Button[@text="1"]</msg>
<status status="PASS" starttime="20240402 15:02:07.811" endtime="20240402 15:02:08.178"/>
</kw>
<status status="PASS" starttime="20240402 15:02:07.811" endtime="20240402 15:02:08.179"/>
</kw>
<kw name="Comment" library="BuiltIn">
<arg>Wait Until Keyword Succeeds</arg>
<arg>5x</arg>
<arg>1s</arg>
<arg>AppiumLibrary.Click Element</arg>
<arg>${Locator}</arg>
<doc>Displays the given messages in the log file as keyword arguments.</doc>
<status status="PASS" starttime="20240402 15:02:08.179" endtime="20240402 15:02:08.180"/>
</kw>
<kw name="Run Keyword And Return Status" library="BuiltIn">
<var>${ResultAppCrash}</var>
<arg>BuiltIn.Run Keyword If</arg>
<arg>'${Result}'=='False'</arg>
<arg>AppiumLibrary.Wait Until Element Is Visible</arg>
<arg>${AppMyAISOnScreen}</arg>
<arg>1s</arg>
<doc>Runs the given keyword with given arguments and returns the status as a Boolean value.</doc>
<kw name="Run Keyword If" library="BuiltIn">
<arg>'${Result}'=='False'</arg>
<arg>AppiumLibrary.Wait Until Element Is Visible</arg>
<arg>${AppMyAISOnScreen}</arg>
<arg>1s</arg>
<doc>Runs the given keyword with the given arguments, if ``condition`` is true.</doc>
<status status="PASS" starttime="20240402 15:02:08.180" endtime="20240402 15:02:08.181"/>
</kw>
<msg timestamp="20240402 15:02:08.181" level="INFO">${ResultAppCrash} = True</msg>
<status status="PASS" starttime="20240402 15:02:08.180" endtime="20240402 15:02:08.181"/>
</kw>
<kw name="Run Keyword If" library="BuiltIn">
<arg>'${Result}'=='False' and '${ResultAppCrash}'=='True'</arg>
<arg>Fail</arg>
<arg>&lt;font style="color:#FFCC00" size="3"&gt;&amp;#9679&lt;/font&gt;Application Keep Crashing</arg>
<doc>Runs the given keyword with the given arguments, if ``condition`` is true.</doc>
<status status="PASS" starttime="20240402 15:02:08.181" endtime="20240402 15:02:08.182"/>
</kw>
<kw name="Run Keyword If" library="BuiltIn">
<arg>'${Result}'=='False' and '${ResultAppCrash}'=='False'</arg>
<arg>Fail</arg>
<arg>&lt;font style="color:red" size="3"&gt;&amp;#9679&lt;/font&gt;Element did not appear in 20s</arg>
<doc>Runs the given keyword with the given arguments, if ``condition`` is true.</doc>
<status status="PASS" starttime="20240402 15:02:08.182" endtime="20240402 15:02:08.182"/>
</kw>
<kw name="mCaptureAppium" library="mCommonKeyword" type="TEARDOWN">
<kw name="Get Current Date" library="DateTime">
<var>${CurrentDate}</var>
<arg>result_format=%d%m%Y</arg>
<doc>Returns current local or UTC time with an optional increment.</doc>
<msg timestamp="20240402 15:02:08.184" level="INFO">${CurrentDate} = 02042024</msg>
<status status="PASS" starttime="20240402 15:02:08.184" endtime="20240402 15:02:08.184"/>
</kw>
<kw name="Get Current Date" library="DateTime">
<var>${current_time}</var>
<arg>result_format=%H-%M-%S</arg>
<doc>Returns current local or UTC time with an optional increment.</doc>
<msg timestamp="20240402 15:02:08.185" level="INFO">${current_time} = 15-02-08</msg>
<status status="PASS" starttime="20240402 15:02:08.185" endtime="20240402 15:02:08.185"/>
</kw>
<kw name="Log" library="BuiltIn">
<arg>${current_time}</arg>
<doc>Logs the given message with the given level.</doc>
<msg timestamp="20240402 15:02:08.187" level="INFO">15-02-08</msg>
<status status="PASS" starttime="20240402 15:02:08.186" endtime="20240402 15:02:08.187"/>
</kw>
<kw name="Capture Page Screenshot" library="AppiumLibrary">
<arg>appium-screenshot-${CurrentDate}_${current_time}.png</arg>
<doc>Takes a screenshot of the current page and embeds it into the log.</doc>
<msg timestamp="20240402 15:02:08.826" level="INFO" html="true">&lt;/td&gt;&lt;/tr&gt;&lt;tr&gt;&lt;td colspan="3"&gt;&lt;a href="appium-screenshot-02042024_15-02-08.png"&gt;&lt;img src="appium-screenshot-02042024_15-02-08.png" width="800px"&gt;&lt;/a&gt;</msg>
<status status="PASS" starttime="20240402 15:02:08.188" endtime="20240402 15:02:08.827"/>
</kw>
<status status="PASS" starttime="20240402 15:02:08.183" endtime="20240402 15:02:08.827"/>
</kw>
<status status="PASS" starttime="20240402 15:02:07.610" endtime="20240402 15:02:08.828"/>
</kw>
<kw name="mClickWebElement" library="Redefine_Keyword">
<arg>xpath=//android.widget.Button[@text="1"]</arg>
<doc>*Description*</doc>
<kw name="Log" library="BuiltIn">
<arg>${Locator}</arg>
<doc>Logs the given message with the given level.</doc>
<msg timestamp="20240402 15:02:08.833" level="INFO">xpath=//android.widget.Button[@text="1"]</msg>
<status status="PASS" starttime="20240402 15:02:08.832" endtime="20240402 15:02:08.833"/>
</kw>
<kw name="Comment" library="BuiltIn">
<arg>Sleep</arg>
<arg>2s</arg>
<doc>Displays the given messages in the log file as keyword arguments.</doc>
<status status="PASS" starttime="20240402 15:02:08.834" endtime="20240402 15:02:08.835"/>
</kw>
<kw name="Run Keyword And Return Status" library="BuiltIn">
<var>${Result}</var>
<arg>AppiumLibrary.Wait Until Element Is Visible</arg>
<arg>${Locator}</arg>
<arg>${Timeout}</arg>
<doc>Runs the given keyword with given arguments and returns the status as a Boolean value.</doc>
<kw name="Wait Until Element Is Visible" library="AppiumLibrary">
<arg>${Locator}</arg>
<arg>${Timeout}</arg>
<doc>Waits until element specified with `locator` is visible.</doc>
<msg timestamp="20240402 15:02:09.120" level="INFO">xpath criteria: //android.widget.Button[@text="1"]</msg>
<status status="PASS" starttime="20240402 15:02:08.837" endtime="20240402 15:02:09.120"/>
</kw>
<msg timestamp="20240402 15:02:09.121" level="INFO">${Result} = True</msg>
<status status="PASS" starttime="20240402 15:02:08.836" endtime="20240402 15:02:09.121"/>
</kw>
<kw name="Run Keyword And Return Status" library="BuiltIn">
<var>${Result}</var>
<arg>BuiltIn.Run Keyword If</arg>
<arg>'${result}'=='False'</arg>
<arg>AppiumLibrary.Wait Until Page Contains Element</arg>
<arg>${Locator}</arg>
<arg>${Timeout}</arg>
<doc>Runs the given keyword with given arguments and returns the status as a Boolean value.</doc>
<kw name="Run Keyword If" library="BuiltIn">
<arg>'${result}'=='False'</arg>
<arg>AppiumLibrary.Wait Until Page Contains Element</arg>
<arg>${Locator}</arg>
<arg>${Timeout}</arg>
<doc>Runs the given keyword with the given arguments, if ``condition`` is true.</doc>
<status status="PASS" starttime="20240402 15:02:09.123" endtime="20240402 15:02:09.124"/>
</kw>
<msg timestamp="20240402 15:02:09.124" level="INFO">${Result} = True</msg>
<status status="PASS" starttime="20240402 15:02:09.122" endtime="20240402 15:02:09.124"/>
</kw>
<kw name="Run Keyword If" library="BuiltIn">
<arg>'${Result}'=='True'</arg>
<arg>AppiumLibrary.Click Element</arg>
<arg>${Locator}</arg>
<doc>Runs the given keyword with the given arguments, if ``condition`` is true.</doc>
<kw name="Click Element" library="AppiumLibrary">
<arg>${Locator}</arg>
<doc>Click element identified by `locator`.</doc>
<msg timestamp="20240402 15:02:09.153" level="INFO">Clicking element 'xpath=//android.widget.Button[@text="1"]'.</msg>
<msg timestamp="20240402 15:02:09.428" level="INFO">xpath criteria: //android.widget.Button[@text="1"]</msg>
<status status="PASS" starttime="20240402 15:02:09.126" endtime="20240402 15:02:09.429"/>
</kw>
<status status="PASS" starttime="20240402 15:02:09.125" endtime="20240402 15:02:09.429"/>
</kw>
<kw name="Comment" library="BuiltIn">
<arg>Wait Until Keyword Succeeds</arg>
<arg>5x</arg>
<arg>1s</arg>
<arg>AppiumLibrary.Click Element</arg>
<arg>${Locator}</arg>
<doc>Displays the given messages in the log file as keyword arguments.</doc>
<status status="PASS" starttime="20240402 15:02:09.431" endtime="20240402 15:02:09.432"/>
</kw>
<kw name="Run Keyword And Return Status" library="BuiltIn">
<var>${ResultAppCrash}</var>
<arg>BuiltIn.Run Keyword If</arg>
<arg>'${Result}'=='False'</arg>
<arg>AppiumLibrary.Wait Until Element Is Visible</arg>
<arg>${AppMyAISOnScreen}</arg>
<arg>1s</arg>
<doc>Runs the given keyword with given arguments and returns the status as a Boolean value.</doc>
<kw name="Run Keyword If" library="BuiltIn">
<arg>'${Result}'=='False'</arg>
<arg>AppiumLibrary.Wait Until Element Is Visible</arg>
<arg>${AppMyAISOnScreen}</arg>
<arg>1s</arg>
<doc>Runs the given keyword with the given arguments, if ``condition`` is true.</doc>
<status status="PASS" starttime="20240402 15:02:09.435" endtime="20240402 15:02:09.436"/>
</kw>
<msg timestamp="20240402 15:02:09.436" level="INFO">${ResultAppCrash} = True</msg>
<status status="PASS" starttime="20240402 15:02:09.433" endtime="20240402 15:02:09.436"/>
</kw>
<kw name="Run Keyword If" library="BuiltIn">
<arg>'${Result}'=='False' and '${ResultAppCrash}'=='True'</arg>
<arg>Fail</arg>
<arg>&lt;font style="color:#FFCC00" size="3"&gt;&amp;#9679&lt;/font&gt;Application Keep Crashing</arg>
<doc>Runs the given keyword with the given arguments, if ``condition`` is true.</doc>
<status status="PASS" starttime="20240402 15:02:09.436" endtime="20240402 15:02:09.437"/>
</kw>
<kw name="Run Keyword If" library="BuiltIn">
<arg>'${Result}'=='False' and '${ResultAppCrash}'=='False'</arg>
<arg>Fail</arg>
<arg>&lt;font style="color:red" size="3"&gt;&amp;#9679&lt;/font&gt;Element did not appear in 20s</arg>
<doc>Runs the given keyword with the given arguments, if ``condition`` is true.</doc>
<status status="PASS" starttime="20240402 15:02:09.437" endtime="20240402 15:02:09.439"/>
</kw>
<kw name="mCaptureAppium" library="mCommonKeyword" type="TEARDOWN">
<kw name="Get Current Date" library="DateTime">
<var>${CurrentDate}</var>
<arg>result_format=%d%m%Y</arg>
<doc>Returns current local or UTC time with an optional increment.</doc>
<msg timestamp="20240402 15:02:09.443" level="INFO">${CurrentDate} = 02042024</msg>
<status status="PASS" starttime="20240402 15:02:09.442" endtime="20240402 15:02:09.444"/>
</kw>
<kw name="Get Current Date" library="DateTime">
<var>${current_time}</var>
<arg>result_format=%H-%M-%S</arg>
<doc>Returns current local or UTC time with an optional increment.</doc>
<msg timestamp="20240402 15:02:09.447" level="INFO">${current_time} = 15-02-09</msg>
<status status="PASS" starttime="20240402 15:02:09.445" endtime="20240402 15:02:09.448"/>
</kw>
<kw name="Log" library="BuiltIn">
<arg>${current_time}</arg>
<doc>Logs the given message with the given level.</doc>
<msg timestamp="20240402 15:02:09.450" level="INFO">15-02-09</msg>
<status status="PASS" starttime="20240402 15:02:09.449" endtime="20240402 15:02:09.450"/>
</kw>
<kw name="Capture Page Screenshot" library="AppiumLibrary">
<arg>appium-screenshot-${CurrentDate}_${current_time}.png</arg>
<doc>Takes a screenshot of the current page and embeds it into the log.</doc>
<msg timestamp="20240402 15:02:10.072" level="INFO" html="true">&lt;/td&gt;&lt;/tr&gt;&lt;tr&gt;&lt;td colspan="3"&gt;&lt;a href="appium-screenshot-02042024_15-02-09.png"&gt;&lt;img src="appium-screenshot-02042024_15-02-09.png" width="800px"&gt;&lt;/a&gt;</msg>
<status status="PASS" starttime="20240402 15:02:09.451" endtime="20240402 15:02:10.072"/>
</kw>
<status status="PASS" starttime="20240402 15:02:09.440" endtime="20240402 15:02:10.074"/>
</kw>
<status status="PASS" starttime="20240402 15:02:08.829" endtime="20240402 15:02:10.074"/>
</kw>
<kw name="mClickWebElement" library="Redefine_Keyword">
<arg>xpath=//android.widget.Button[@text="1"]</arg>
<doc>*Description*</doc>
<kw name="Log" library="BuiltIn">
<arg>${Locator}</arg>
<doc>Logs the given message with the given level.</doc>
<msg timestamp="20240402 15:02:10.079" level="INFO">xpath=//android.widget.Button[@text="1"]</msg>
<status status="PASS" starttime="20240402 15:02:10.078" endtime="20240402 15:02:10.079"/>
</kw>
<kw name="Comment" library="BuiltIn">
<arg>Sleep</arg>
<arg>2s</arg>
<doc>Displays the given messages in the log file as keyword arguments.</doc>
<status status="PASS" starttime="20240402 15:02:10.080" endtime="20240402 15:02:10.080"/>
</kw>
<kw name="Run Keyword And Return Status" library="BuiltIn">
<var>${Result}</var>
<arg>AppiumLibrary.Wait Until Element Is Visible</arg>
<arg>${Locator}</arg>
<arg>${Timeout}</arg>
<doc>Runs the given keyword with given arguments and returns the status as a Boolean value.</doc>
<kw name="Wait Until Element Is Visible" library="AppiumLibrary">
<arg>${Locator}</arg>
<arg>${Timeout}</arg>
<doc>Waits until element specified with `locator` is visible.</doc>
<msg timestamp="20240402 15:02:10.389" level="INFO">xpath criteria: //android.widget.Button[@text="1"]</msg>
<status status="PASS" starttime="20240402 15:02:10.082" endtime="20240402 15:02:10.390"/>
</kw>
<msg timestamp="20240402 15:02:10.390" level="INFO">${Result} = True</msg>
<status status="PASS" starttime="20240402 15:02:10.081" endtime="20240402 15:02:10.390"/>
</kw>
<kw name="Run Keyword And Return Status" library="BuiltIn">
<var>${Result}</var>
<arg>BuiltIn.Run Keyword If</arg>
<arg>'${result}'=='False'</arg>
<arg>AppiumLibrary.Wait Until Page Contains Element</arg>
<arg>${Locator}</arg>
<arg>${Timeout}</arg>
<doc>Runs the given keyword with given arguments and returns the status as a Boolean value.</doc>
<kw name="Run Keyword If" library="BuiltIn">
<arg>'${result}'=='False'</arg>
<arg>AppiumLibrary.Wait Until Page Contains Element</arg>
<arg>${Locator}</arg>
<arg>${Timeout}</arg>
<doc>Runs the given keyword with the given arguments, if ``condition`` is true.</doc>
<status status="PASS" starttime="20240402 15:02:10.391" endtime="20240402 15:02:10.391"/>
</kw>
<msg timestamp="20240402 15:02:10.391" level="INFO">${Result} = True</msg>
<status status="PASS" starttime="20240402 15:02:10.390" endtime="20240402 15:02:10.391"/>
</kw>
<kw name="Run Keyword If" library="BuiltIn">
<arg>'${Result}'=='True'</arg>
<arg>AppiumLibrary.Click Element</arg>
<arg>${Locator}</arg>
<doc>Runs the given keyword with the given arguments, if ``condition`` is true.</doc>
<kw name="Click Element" library="AppiumLibrary">
<arg>${Locator}</arg>
<doc>Click element identified by `locator`.</doc>
<msg timestamp="20240402 15:02:10.405" level="INFO">Clicking element 'xpath=//android.widget.Button[@text="1"]'.</msg>
<msg timestamp="20240402 15:02:10.578" level="INFO">xpath criteria: //android.widget.Button[@text="1"]</msg>
<status status="PASS" starttime="20240402 15:02:10.392" endtime="20240402 15:02:10.578"/>
</kw>
<status status="PASS" starttime="20240402 15:02:10.391" endtime="20240402 15:02:10.578"/>
</kw>
<kw name="Comment" library="BuiltIn">
<arg>Wait Until Keyword Succeeds</arg>
<arg>5x</arg>
<arg>1s</arg>
<arg>AppiumLibrary.Click Element</arg>
<arg>${Locator}</arg>
<doc>Displays the given messages in the log file as keyword arguments.</doc>
<status status="PASS" starttime="20240402 15:02:10.578" endtime="20240402 15:02:10.579"/>
</kw>
<kw name="Run Keyword And Return Status" library="BuiltIn">
<var>${ResultAppCrash}</var>
<arg>BuiltIn.Run Keyword If</arg>
<arg>'${Result}'=='False'</arg>
<arg>AppiumLibrary.Wait Until Element Is Visible</arg>
<arg>${AppMyAISOnScreen}</arg>
<arg>1s</arg>
<doc>Runs the given keyword with given arguments and returns the status as a Boolean value.</doc>
<kw name="Run Keyword If" library="BuiltIn">
<arg>'${Result}'=='False'</arg>
<arg>AppiumLibrary.Wait Until Element Is Visible</arg>
<arg>${AppMyAISOnScreen}</arg>
<arg>1s</arg>
<doc>Runs the given keyword with the given arguments, if ``condition`` is true.</doc>
<status status="PASS" starttime="20240402 15:02:10.580" endtime="20240402 15:02:10.580"/>
</kw>
<msg timestamp="20240402 15:02:10.580" level="INFO">${ResultAppCrash} = True</msg>
<status status="PASS" starttime="20240402 15:02:10.579" endtime="20240402 15:02:10.580"/>
</kw>
<kw name="Run Keyword If" library="BuiltIn">
<arg>'${Result}'=='False' and '${ResultAppCrash}'=='True'</arg>
<arg>Fail</arg>
<arg>&lt;font style="color:#FFCC00" size="3"&gt;&amp;#9679&lt;/font&gt;Application Keep Crashing</arg>
<doc>Runs the given keyword with the given arguments, if ``condition`` is true.</doc>
<status status="PASS" starttime="20240402 15:02:10.580" endtime="20240402 15:02:10.581"/>
</kw>
<kw name="Run Keyword If" library="BuiltIn">
<arg>'${Result}'=='False' and '${ResultAppCrash}'=='False'</arg>
<arg>Fail</arg>
<arg>&lt;font style="color:red" size="3"&gt;&amp;#9679&lt;/font&gt;Element did not appear in 20s</arg>
<doc>Runs the given keyword with the given arguments, if ``condition`` is true.</doc>
[...]
<status status="PASS" starttime="20240402 15:02:24.939" endtime="20240402 15:02:25.064"/>
</kw>
<status status="PASS" starttime="20240402 15:02:24.939" endtime="20240402 15:02:25.064"/>
</kw>
<kw name="Comment" library="BuiltIn">
<arg>Wait Until Keyword Succeeds</arg>
<arg>5x</arg>
<arg>1s</arg>
<arg>AppiumLibrary.Click Element</arg>
<arg>${Locator}</arg>
<doc>Displays the given messages in the log file as keyword arguments.</doc>
<status status="PASS" starttime="20240402 15:02:25.065" endtime="20240402 15:02:25.065"/>
</kw>
<kw name="Run Keyword And Return Status" library="BuiltIn">
<var>${ResultAppCrash}</var>
<arg>BuiltIn.Run Keyword If</arg>
<arg>'${Result}'=='False'</arg>
<arg>AppiumLibrary.Wait Until Element Is Visible</arg>
<arg>${AppMyAISOnScreen}</arg>
<arg>1s</arg>
<doc>Runs the given keyword with given arguments and returns the status as a Boolean value.</doc>
<kw name="Run Keyword If" library="BuiltIn">
<arg>'${Result}'=='False'</arg>
<arg>AppiumLibrary.Wait Until Element Is Visible</arg>
<arg>${AppMyAISOnScreen}</arg>
<arg>1s</arg>
<doc>Runs the given keyword with the given arguments, if ``condition`` is true.</doc>
<status status="PASS" starttime="20240402 15:02:25.065" endtime="20240402 15:02:25.066"/>
</kw>
<msg timestamp="20240402 15:02:25.066" level="INFO">${ResultAppCrash} = True</msg>
<status status="PASS" starttime="20240402 15:02:25.065" endtime="20240402 15:02:25.066"/>
</kw>
<kw name="Run Keyword If" library="BuiltIn">
<arg>'${Result}'=='False' and '${ResultAppCrash}'=='True'</arg>
<arg>Fail</arg>
<arg>&lt;font style="color:#FFCC00" size="3"&gt;&amp;#9679&lt;/font&gt;Application Keep Crashing</arg>
<doc>Runs the given keyword with the given arguments, if ``condition`` is true.</doc>
<status status="PASS" starttime="20240402 15:02:25.066" endtime="20240402 15:02:25.066"/>
</kw>
<kw name="Run Keyword If" library="BuiltIn">
<arg>'${Result}'=='False' and '${ResultAppCrash}'=='False'</arg>
<arg>Fail</arg>
<arg>&lt;font style="color:red" size="3"&gt;&amp;#9679&lt;/font&gt;Element did not appear in 20s</arg>
<doc>Runs the given keyword with the given arguments, if ``condition`` is true.</doc>
<status status="PASS" starttime="20240402 15:02:25.067" endtime="20240402 15:02:25.067"/>
</kw>
<kw name="mCaptureAppium" library="mCommonKeyword" type="TEARDOWN">
<kw name="Get Current Date" library="DateTime">
<var>${CurrentDate}</var>
<arg>result_format=%d%m%Y</arg>
<doc>Returns current local or UTC time with an optional increment.</doc>
<msg timestamp="20240402 15:02:25.068" level="INFO">${CurrentDate} = 02042024</msg>
<status status="PASS" starttime="20240402 15:02:25.068" endtime="20240402 15:02:25.068"/>
</kw>
<kw name="Get Current Date" library="DateTime">
<var>${current_time}</var>
<arg>result_format=%H-%M-%S</arg>
<doc>Returns current local or UTC time with an optional increment.</doc>
<msg timestamp="20240402 15:02:25.068" level="INFO">${current_time} = 15-02-25</msg>
<status status="PASS" starttime="20240402 15:02:25.068" endtime="20240402 15:02:25.068"/>
</kw>
<kw name="Log" library="BuiltIn">
<arg>${current_time}</arg>
<doc>Logs the given message with the given level.</doc>
<msg timestamp="20240402 15:02:25.069" level="INFO">15-02-25</msg>
<status status="PASS" starttime="20240402 15:02:25.069" endtime="20240402 15:02:25.069"/>
</kw>
<kw name="Capture Page Screenshot" library="AppiumLibrary">
<arg>appium-screenshot-${CurrentDate}_${current_time}.png</arg>
<doc>Takes a screenshot of the current page and embeds it into the log.</doc>
<msg timestamp="20240402 15:02:25.541" level="INFO" html="true">&lt;/td&gt;&lt;/tr&gt;&lt;tr&gt;&lt;td colspan="3"&gt;&lt;a href="appium-screenshot-02042024_15-02-25.png"&gt;&lt;img src="appium-screenshot-02042024_15-02-25.png" width="800px"&gt;&lt;/a&gt;</msg>
<status status="PASS" starttime="20240402 15:02:25.069" endtime="20240402 15:02:25.542"/>
</kw>
<status status="PASS" starttime="20240402 15:02:25.067" endtime="20240402 15:02:25.542"/>
</kw>
<status status="PASS" starttime="20240402 15:02:12.139" endtime="20240402 15:02:25.542"/>
</kw>
<kw name="mClickWebElement" library="Redefine_Keyword">
<arg>${permisallowphone}</arg>
<doc>*Description*</doc>
<kw name="Log" library="BuiltIn">
<arg>${Locator}</arg>
<doc>Logs the given message with the given level.</doc>
<msg timestamp="20240402 15:02:25.546" level="INFO">xpath=//android.widget.Button[@resource-id="com.android.permissioncontroller:id/permission_allow_button"]</msg>
<status status="PASS" starttime="20240402 15:02:25.545" endtime="20240402 15:02:25.546"/>
</kw>
<kw name="Comment" library="BuiltIn">
<arg>Sleep</arg>
<arg>2s</arg>
<doc>Displays the given messages in the log file as keyword arguments.</doc>
<status status="PASS" starttime="20240402 15:02:25.546" endtime="20240402 15:02:25.546"/>
</kw>
<kw name="Run Keyword And Return Status" library="BuiltIn">
<var>${Result}</var>
<arg>AppiumLibrary.Wait Until Element Is Visible</arg>
<arg>${Locator}</arg>
<arg>${Timeout}</arg>
<doc>Runs the given keyword with given arguments and returns the status as a Boolean value.</doc>
<kw name="Wait Until Element Is Visible" library="AppiumLibrary">
<arg>${Locator}</arg>
<arg>${Timeout}</arg>
<doc>Waits until element specified with `locator` is visible.</doc>
<msg timestamp="20240402 15:02:25.967" level="INFO">xpath criteria: //android.widget.Button[@resource-id="com.android.permissioncontroller:id/permission_allow_button"]</msg>
<status status="PASS" starttime="20240402 15:02:25.547" endtime="20240402 15:02:25.967"/>
</kw>
<msg timestamp="20240402 15:02:25.967" level="INFO">${Result} = True</msg>
<status status="PASS" starttime="20240402 15:02:25.547" endtime="20240402 15:02:25.967"/>
</kw>
<kw name="Run Keyword And Return Status" library="BuiltIn">
<var>${Result}</var>
<arg>BuiltIn.Run Keyword If</arg>
<arg>'${result}'=='False'</arg>
<arg>AppiumLibrary.Wait Until Page Contains Element</arg>
<arg>${Locator}</arg>
<arg>${Timeout}</arg>
<doc>Runs the given keyword with given arguments and returns the status as a Boolean value.</doc>
<kw name="Run Keyword If" library="BuiltIn">
<arg>'${result}'=='False'</arg>
<arg>AppiumLibrary.Wait Until Page Contains Element</arg>
<arg>${Locator}</arg>
<arg>${Timeout}</arg>
<doc>Runs the given keyword with the given arguments, if ``condition`` is true.</doc>
<status status="PASS" starttime="20240402 15:02:25.969" endtime="20240402 15:02:25.969"/>
</kw>
<msg timestamp="20240402 15:02:25.969" level="INFO">${Result} = True</msg>
<status status="PASS" starttime="20240402 15:02:25.969" endtime="20240402 15:02:25.970"/>
</kw>
<kw name="Run Keyword If" library="BuiltIn">
<arg>'${Result}'=='True'</arg>
<arg>AppiumLibrary.Click Element</arg>
<arg>${Locator}</arg>
<doc>Runs the given keyword with the given arguments, if ``condition`` is true.</doc>
<kw name="Click Element" library="AppiumLibrary">
<arg>${Locator}</arg>
<doc>Click element identified by `locator`.</doc>
<msg timestamp="20240402 15:02:25.979" level="INFO">Clicking element 'xpath=//android.widget.Button[@resource-id="com.android.permissioncontroller:id/permission_allow_button"]'.</msg>
<msg timestamp="20240402 15:02:26.117" level="INFO">xpath criteria: //android.widget.Button[@resource-id="com.android.permissioncontroller:id/permission_allow_button"]</msg>
<status status="PASS" starttime="20240402 15:02:25.970" endtime="20240402 15:02:26.118"/>
</kw>
<status status="PASS" starttime="20240402 15:02:25.970" endtime="20240402 15:02:26.118"/>
</kw>
<kw name="Comment" library="BuiltIn">
<arg>Wait Until Keyword Succeeds</arg>
<arg>5x</arg>
<arg>1s</arg>
<arg>AppiumLibrary.Click Element</arg>
<arg>${Locator}</arg>
<doc>Displays the given messages in the log file as keyword arguments.</doc>
<status status="PASS" starttime="20240402 15:02:26.118" endtime="20240402 15:02:26.118"/>
</kw>
<kw name="Run Keyword And Return Status" library="BuiltIn">
<var>${ResultAppCrash}</var>
<arg>BuiltIn.Run Keyword If</arg>
<arg>'${Result}'=='False'</arg>
<arg>AppiumLibrary.Wait Until Element Is Visible</arg>
<arg>${AppMyAISOnScreen}</arg>
<arg>1s</arg>
<doc>Runs the given keyword with given arguments and returns the status as a Boolean value.</doc>
<kw name="Run Keyword If" library="BuiltIn">
<arg>'${Result}'=='False'</arg>
<arg>AppiumLibrary.Wait Until Element Is Visible</arg>
<arg>${AppMyAISOnScreen}</arg>
<arg>1s</arg>
<doc>Runs the given keyword with the given arguments, if ``condition`` is true.</doc>
<status status="PASS" starttime="20240402 15:02:26.119" endtime="20240402 15:02:26.119"/>
</kw>
<msg timestamp="20240402 15:02:26.119" level="INFO">${ResultAppCrash} = True</msg>
<status status="PASS" starttime="20240402 15:02:26.119" endtime="20240402 15:02:26.119"/>
</kw>
<kw name="Run Keyword If" library="BuiltIn">
<arg>'${Result}'=='False' and '${ResultAppCrash}'=='True'</arg>
<arg>Fail</arg>
<arg>&lt;font style="color:#FFCC00" size="3"&gt;&amp;#9679&lt;/font&gt;Application Keep Crashing</arg>
<doc>Runs the given keyword with the given arguments, if ``condition`` is true.</doc>
<status status="PASS" starttime="20240402 15:02:26.120" endtime="20240402 15:02:26.120"/>
</kw>
<kw name="Run Keyword If" library="BuiltIn">
<arg>'${Result}'=='False' and '${ResultAppCrash}'=='False'</arg>
<arg>Fail</arg>
<arg>&lt;font style="color:red" size="3"&gt;&amp;#9679&lt;/font&gt;Element did not appear in 20s</arg>
<doc>Runs the given keyword with the given arguments, if ``condition`` is true.</doc>
<status status="PASS" starttime="20240402 15:02:26.120" endtime="20240402 15:02:26.120"/>
</kw>
<kw name="mCaptureAppium" library="mCommonKeyword" type="TEARDOWN">
<kw name="Get Current Date" library="DateTime">
<var>${CurrentDate}</var>
<arg>result_format=%d%m%Y</arg>
<doc>Returns current local or UTC time with an optional increment.</doc>
<msg timestamp="20240402 15:02:26.121" level="INFO">${CurrentDate} = 02042024</msg>
<status status="PASS" starttime="20240402 15:02:26.121" endtime="20240402 15:02:26.121"/>
</kw>
<kw name="Get Current Date" library="DateTime">
<var>${current_time}</var>
<arg>result_format=%H-%M-%S</arg>
<doc>Returns current local or UTC time with an optional increment.</doc>
<msg timestamp="20240402 15:02:26.121" level="INFO">${current_time} = 15-02-26</msg>
<status status="PASS" starttime="20240402 15:02:26.121" endtime="20240402 15:02:26.121"/>
</kw>
<kw name="Log" library="BuiltIn">
<arg>${current_time}</arg>
<doc>Logs the given message with the given level.</doc>
<msg timestamp="20240402 15:02:26.121" level="INFO">15-02-26</msg>
<status status="PASS" starttime="20240402 15:02:26.121" endtime="20240402 15:02:26.121"/>
</kw>
<kw name="Capture Page Screenshot" library="AppiumLibrary">
<arg>appium-screenshot-${CurrentDate}_${current_time}.png</arg>
<doc>Takes a screenshot of the current page and embeds it into the log.</doc>
<msg timestamp="20240402 15:02:26.593" level="INFO" html="true">&lt;/td&gt;&lt;/tr&gt;&lt;tr&gt;&lt;td colspan="3"&gt;&lt;a href="appium-screenshot-02042024_15-02-26.png"&gt;&lt;img src="appium-screenshot-02042024_15-02-26.png" width="800px"&gt;&lt;/a&gt;</msg>
<status status="PASS" starttime="20240402 15:02:26.122" endtime="20240402 15:02:26.593"/>
</kw>
<status status="PASS" starttime="20240402 15:02:26.120" endtime="20240402 15:02:26.593"/>
</kw>
<status status="PASS" starttime="20240402 15:02:25.544" endtime="20240402 15:02:26.594"/>
</kw>
<kw name="Sleep" library="BuiltIn">
<arg>5</arg>
<doc>Pauses the test executed for the given time.</doc>
<msg timestamp="20240402 15:02:31.606" level="INFO">Slept 5 seconds</msg>
<status status="PASS" starttime="20240402 15:02:26.594" endtime="20240402 15:02:31.606"/>
</kw>
<kw name="Swipe" library="AppiumLibrary">
<arg>800</arg>
<arg>1600</arg>
<arg>0</arg>
<arg>1600</arg>
<doc>Swipe from one point to another point, for an optional duration.</doc>
<status status="PASS" starttime="20240402 15:02:31.608" endtime="20240402 15:02:32.939"/>
</kw>
<kw name="mClickWebElement" library="Redefine_Keyword">
<arg>xpath=//android.view.View[@content-desc="Let’s Get Started!"]</arg>
<doc>*Description*</doc>
<kw name="Log" library="BuiltIn">
<arg>${Locator}</arg>
<doc>Logs the given message with the given level.</doc>
<msg timestamp="20240402 15:02:32.942" level="INFO">xpath=//android.view.View[@content-desc="Let’s Get Started!"]</msg>
<status status="PASS" starttime="20240402 15:02:32.942" endtime="20240402 15:02:32.944"/>
</kw>
<kw name="Comment" library="BuiltIn">
<arg>Sleep</arg>
<arg>2s</arg>
<doc>Displays the given messages in the log file as keyword arguments.</doc>
<status status="PASS" starttime="20240402 15:02:32.944" endtime="20240402 15:02:32.944"/>
</kw>
<kw name="Run Keyword And Return Status" library="BuiltIn">
<var>${Result}</var>
<arg>AppiumLibrary.Wait Until Element Is Visible</arg>
<arg>${Locator}</arg>
<arg>${Timeout}</arg>
<doc>Runs the given keyword with given arguments and returns the status as a Boolean value.</doc>
<kw name="Wait Until Element Is Visible" library="AppiumLibrary">
<arg>${Locator}</arg>
<arg>${Timeout}</arg>
<doc>Waits until element specified with `locator` is visible.</doc>
<msg timestamp="20240402 15:03:01.762" level="INFO">xpath criteria: //android.view.View[@content-desc="Let’s Get Started!"]</msg>
<status status="PASS" starttime="20240402 15:02:32.945" endtime="20240402 15:03:01.763"/>
</kw>
<msg timestamp="20240402 15:03:01.763" level="INFO">${Result} = True</msg>
<status status="PASS" starttime="20240402 15:02:32.944" endtime="20240402 15:03:01.763"/>
</kw>
<kw name="Run Keyword And Return Status" library="BuiltIn">
<var>${Result}</var>
<arg>BuiltIn.Run Keyword If</arg>
<arg>'${result}'=='False'</arg>
<arg>AppiumLibrary.Wait Until Page Contains Element</arg>
<arg>${Locator}</arg>
<arg>${Timeout}</arg>
<doc>Runs the given keyword with given arguments and returns the status as a Boolean value.</doc>
<kw name="Run Keyword If" library="BuiltIn">
<arg>'${result}'=='False'</arg>
<arg>AppiumLibrary.Wait Until Page Contains Element</arg>
<arg>${Locator}</arg>
<arg>${Timeout}</arg>
<doc>Runs the given keyword with the given arguments, if ``condition`` is true.</doc>
<status status="PASS" starttime="20240402 15:03:01.764" endtime="20240402 15:03:01.764"/>
</kw>
<msg timestamp="20240402 15:03:01.764" level="INFO">${Result} = True</msg>
<status status="PASS" starttime="20240402 15:03:01.763" endtime="20240402 15:03:01.764"/>
</kw>
<kw name="Run Keyword If" library="BuiltIn">
<arg>'${Result}'=='True'</arg>
<arg>AppiumLibrary.Click Element</arg>
<arg>${Locator}</arg>
<doc>Runs the given keyword with the given arguments, if ``condition`` is true.</doc>
<kw name="Click Element" library="AppiumLibrary">
<arg>${Locator}</arg>
<doc>Click element identified by `locator`.</doc>
<msg timestamp="20240402 15:03:01.775" level="INFO">Clicking element 'xpath=//android.view.View[@content-desc="Let’s Get Started!"]'.</msg>
<msg timestamp="20240402 15:03:02.714" level="INFO">xpath criteria: //android.view.View[@content-desc="Let’s Get Started!"]</msg>
<status status="PASS" starttime="20240402 15:03:01.765" endtime="20240402 15:03:02.714"/>
</kw>
<status status="PASS" starttime="20240402 15:03:01.764" endtime="20240402 15:03:02.714"/>
</kw>
<kw name="Comment" library="BuiltIn">
<arg>Wait Until Keyword Succeeds</arg>
<arg>5x</arg>
<arg>1s</arg>
<arg>AppiumLibrary.Click Element</arg>
<arg>${Locator}</arg>
<doc>Displays the given messages in the log file as keyword arguments.</doc>
<status status="PASS" starttime="20240402 15:03:02.715" endtime="20240402 15:03:02.716"/>
</kw>
<kw name="Run Keyword And Return Status" library="BuiltIn">
<var>${ResultAppCrash}</var>
<arg>BuiltIn.Run Keyword If</arg>
<arg>'${Result}'=='False'</arg>
<arg>AppiumLibrary.Wait Until Element Is Visible</arg>
<arg>${AppMyAISOnScreen}</arg>
<arg>1s</arg>
<doc>Runs the given keyword with given arguments and returns the status as a Boolean value.</doc>
<kw name="Run Keyword If" library="BuiltIn">
<arg>'${Result}'=='False'</arg>
<arg>AppiumLibrary.Wait Until Element Is Visible</arg>
<arg>${AppMyAISOnScreen}</arg>
<arg>1s</arg>
<doc>Runs the given keyword with the given arguments, if ``condition`` is true.</doc>
<status status="PASS" starttime="20240402 15:03:02.718" endtime="20240402 15:03:02.718"/>
</kw>
<msg timestamp="20240402 15:03:02.718" level="INFO">${ResultAppCrash} = True</msg>
<status status="PASS" starttime="20240402 15:03:02.717" endtime="20240402 15:03:02.718"/>
</kw>
<kw name="Run Keyword If" library="BuiltIn">
<arg>'${Result}'=='False' and '${ResultAppCrash}'=='True'</arg>
<arg>Fail</arg>
<arg>&lt;font style="color:#FFCC00" size="3"&gt;&amp;#9679&lt;/font&gt;Application Keep Crashing</arg>
<doc>Runs the given keyword with the given arguments, if ``condition`` is true.</doc>
<status status="PASS" starttime="20240402 15:03:02.719" endtime="20240402 15:03:02.719"/>
</kw>
<kw name="Run Keyword If" library="BuiltIn">
<arg>'${Result}'=='False' and '${ResultAppCrash}'=='False'</arg>
<arg>Fail</arg>
<arg>&lt;font style="color:red" size="3"&gt;&amp;#9679&lt;/font&gt;Element did not appear in 20s</arg>
<doc>Runs the given keyword with the given arguments, if ``condition`` is true.</doc>
<status status="PASS" starttime="20240402 15:03:02.719" endtime="20240402 15:03:02.719"/>
</kw>
<kw name="mCaptureAppium" library="mCommonKeyword" type="TEARDOWN">
<kw name="Get Current Date" library="DateTime">
<var>${CurrentDate}</var>
<arg>result_format=%d%m%Y</arg>
<doc>Returns current local or UTC time with an optional increment.</doc>
<msg timestamp="20240402 15:03:02.722" level="INFO">${CurrentDate} = 02042024</msg>
<status status="PASS" starttime="20240402 15:03:02.721" endtime="20240402 15:03:02.722"/>
</kw>
<kw name="Get Current Date" library="DateTime">
<var>${current_time}</var>
<arg>result_format=%H-%M-%S</arg>
<doc>Returns current local or UTC time with an optional increment.</doc>
<msg timestamp="20240402 15:03:02.723" level="INFO">${current_time} = 15-03-02</msg>
<status status="PASS" starttime="20240402 15:03:02.722" endtime="20240402 15:03:02.723"/>
</kw>
<kw name="Log" library="BuiltIn">
<arg>${current_time}</arg>
<doc>Logs the given message with the given level.</doc>
<msg timestamp="20240402 15:03:02.723" level="INFO">15-03-02</msg>
<status status="PASS" starttime="20240402 15:03:02.723" endtime="20240402 15:03:02.724"/>
</kw>
<kw name="Capture Page Screenshot" library="AppiumLibrary">
<arg>appium-screenshot-${CurrentDate}_${current_time}.png</arg>
<doc>Takes a screenshot of the current page and embeds it into the log.</doc>
<msg timestamp="20240402 15:03:03.443" level="INFO" html="true">&lt;/td&gt;&lt;/tr&gt;&lt;tr&gt;&lt;td colspan="3"&gt;&lt;a href="appium-screenshot-02042024_15-03-02.png"&gt;&lt;img src="appium-screenshot-02042024_15-03-02.png" width="800px"&gt;&lt;/a&gt;</msg>
<status status="PASS" starttime="20240402 15:03:02.724" endtime="20240402 15:03:03.444"/>
</kw>
<status status="PASS" starttime="20240402 15:03:02.721" endtime="20240402 15:03:03.444"/>
</kw>
<status status="PASS" starttime="20240402 15:02:32.941" endtime="20240402 15:03:03.444"/>
</kw>
<status status="PASS" starttime="20240402 15:00:42.992" endtime="20240402 15:03:03.445"/>
</test>
<status status="PASS" starttime="20240402 15:00:42.529" endtime="20240402 15:03:03.446"/>
</suite>
<statistics>
<total>
<stat pass="1" fail="0" skip="0">All Tests</stat>
</total>
<tag>
</tag>
<suite>
<stat pass="1" fail="0" skip="0" id="s1" name="Test">Test</stat>
</suite>
</statistics>
<errors>
</errors>
</robot>
